#
# There is insufficient memory for the Java Runtime Environment to continue.
# Native memory allocation (malloc) failed to allocate 32784 bytes for Chunk::new
# Possible reasons:
#   The system is out of physical RAM or swap space
#   The process is running with CompressedOops enabled, and the Java Heap may be blocking the growth of the native heap
# Possible solutions:
#   Reduce memory load on the system
#   Increase physical memory or swap space
#   Check if swap backing store is full
#   Decrease Java heap size (-Xmx/-Xms)
#   Decrease number of Java threads
#   Decrease Java thread stack sizes (-Xss)
#   Set larger code cache with -XX:ReservedCodeCacheSize=
#   JVM is running with Unscaled Compressed Oops mode in which the Java heap is
#     placed in the first 4GB address space. The Java Heap base address is the
#     maximum limit for the native heap growth. Please use -XX:HeapBaseMinAddress
#     to set the Java Heap base and to place the Java Heap above 4GB virtual address.
# This output file may be truncated or incomplete.
#
#  Out of Memory Error (arena.cpp:191), pid=9612, tid=18364
#
# JRE version: OpenJDK Runtime Environment Corretto-17.0.9.8.1 (17.0.9+8) (build 17.0.9+8-LTS)
# Java VM: OpenJDK 64-Bit Server VM Corretto-17.0.9.8.1 (17.0.9+8-LTS, mixed mode, sharing, tiered, compressed oops, compressed class ptrs, g1 gc, windows-amd64)
# No core dump will be written. Minidumps are not enabled by default on client versions of Windows
#

---------------  S U M M A R Y ------------

Command Line: -javaagent:C:\Program Files\JetBrains\IntelliJ IDEA Community Edition 2023.2.4\lib\idea_rt.jar=53925:C:\Program Files\JetBrains\IntelliJ IDEA Community Edition 2023.2.4\bin -Dfile.encoding=UTF-8 com.graduates.test.TestApplication

Host: Intel(R) Core(TM) i5-10210U CPU @ 1.60GHz, 8 cores, 7G,  Windows 10 , 64 bit Build 19041 (10.0.19041.4957)
Time: Mon Nov 11 12:36:32 2024 SE Asia Standard Time elapsed time: 15.397583 seconds (0d 0h 0m 15s)

---------------  T H R E A D  ---------------

Current thread (0x000001eb50190000):  JavaThread "C2 CompilerThread0" daemon [_thread_in_native, id=18364, stack(0x0000002fa4900000,0x0000002fa4a00000)]


Current CompileTask:
C2:  15398 6672       4       jdk.internal.org.objectweb.asm.MethodWriter::computeAllFrames (510 bytes)

Stack: [0x0000002fa4900000,0x0000002fa4a00000]
Native frames: (J=compiled Java code, j=interpreted, Vv=VM code, C=native code)
V  [jvm.dll+0x67cb49]
V  [jvm.dll+0x8344da]
V  [jvm.dll+0x835f9e]
V  [jvm.dll+0x836603]
V  [jvm.dll+0x247b5f]
V  [jvm.dll+0xac43c]
V  [jvm.dll+0xaca8c]
V  [jvm.dll+0xac54b]
V  [jvm.dll+0x6d380c]
V  [jvm.dll+0x58e8bf]
V  [jvm.dll+0x5754fa]
V  [jvm.dll+0x572275]
V  [jvm.dll+0x5749f2]
V  [jvm.dll+0x5743b7]
V  [jvm.dll+0x5739ce]
V  [jvm.dll+0x5739e1]
V  [jvm.dll+0x5739e1]
V  [jvm.dll+0x5739e1]
V  [jvm.dll+0x58587f]
V  [jvm.dll+0x222bb2]
V  [jvm.dll+0x21bdae]
V  [jvm.dll+0x219511]
V  [jvm.dll+0x1a56cd]
V  [jvm.dll+0x2293ee]
V  [jvm.dll+0x2275bc]
V  [jvm.dll+0x7e95a7]
V  [jvm.dll+0x7e396a]
V  [jvm.dll+0x67ba35]
C  [ucrtbase.dll+0x21bb2]
C  [KERNEL32.DLL+0x17374]
C  [ntdll.dll+0x4cc91]


---------------  P R O C E S S  ---------------

Threads class SMR info:
_java_thread_list=0x000001eb9774f670, length=18, elements={
0x000001eb31f0cb50, 0x000001eb5016dcc0, 0x000001eb5016f2e0, 0x000001eb501817c0,
0x000001eb50183390, 0x000001eb50186500, 0x000001eb50187660, 0x000001eb50190000,
0x000001eb5019b5e0, 0x000001eb5019e790, 0x000001eb50157ca0, 0x000001eb5054d420,
0x000001eb50535900, 0x000001eb50d1e0e0, 0x000001eb50e76190, 0x000001eb975f71d0,
0x000001eb975f8100, 0x000001eb975f6cc0
}

Java Threads: ( => current thread )
  0x000001eb31f0cb50 JavaThread "main" [_thread_blocked, id=5760, stack(0x0000002fa3c00000,0x0000002fa3d00000)]
  0x000001eb5016dcc0 JavaThread "Reference Handler" daemon [_thread_blocked, id=4176, stack(0x0000002fa4300000,0x0000002fa4400000)]
  0x000001eb5016f2e0 JavaThread "Finalizer" daemon [_thread_blocked, id=21376, stack(0x0000002fa4400000,0x0000002fa4500000)]
  0x000001eb501817c0 JavaThread "Signal Dispatcher" daemon [_thread_blocked, id=13592, stack(0x0000002fa4500000,0x0000002fa4600000)]
  0x000001eb50183390 JavaThread "Attach Listener" daemon [_thread_blocked, id=11092, stack(0x0000002fa4600000,0x0000002fa4700000)]
  0x000001eb50186500 JavaThread "Service Thread" daemon [_thread_blocked, id=13032, stack(0x0000002fa4700000,0x0000002fa4800000)]
  0x000001eb50187660 JavaThread "Monitor Deflation Thread" daemon [_thread_blocked, id=3200, stack(0x0000002fa4800000,0x0000002fa4900000)]
=>0x000001eb50190000 JavaThread "C2 CompilerThread0" daemon [_thread_in_native, id=18364, stack(0x0000002fa4900000,0x0000002fa4a00000)]
  0x000001eb5019b5e0 JavaThread "C1 CompilerThread0" daemon [_thread_in_native, id=14464, stack(0x0000002fa4a00000,0x0000002fa4b00000)]
  0x000001eb5019e790 JavaThread "Sweeper thread" daemon [_thread_blocked, id=2468, stack(0x0000002fa4b00000,0x0000002fa4c00000)]
  0x000001eb50157ca0 JavaThread "Common-Cleaner" daemon [_thread_blocked, id=8000, stack(0x0000002fa4c00000,0x0000002fa4d00000)]
  0x000001eb5054d420 JavaThread "Monitor Ctrl-Break" daemon [_thread_in_native, id=12692, stack(0x0000002fa4e00000,0x0000002fa4f00000)]
  0x000001eb50535900 JavaThread "Notification Thread" daemon [_thread_blocked, id=13572, stack(0x0000002fa4f00000,0x0000002fa5000000)]
  0x000001eb50d1e0e0 JavaThread "Thread-0" [_thread_blocked, id=14916, stack(0x0000002fa5100000,0x0000002fa5200000)]
  0x000001eb50e76190 JavaThread "restartedMain" [_thread_in_Java, id=16680, stack(0x0000002fa5200000,0x0000002fa5300000)]
  0x000001eb975f71d0 JavaThread "mysql-cj-abandoned-connection-cleanup" daemon [_thread_blocked, id=20980, stack(0x0000002fa5c00000,0x0000002fa5d00000)]
  0x000001eb975f8100 JavaThread "HikariPool-1 housekeeper" daemon [_thread_blocked, id=9836, stack(0x0000002fa5e00000,0x0000002fa5f00000)]
  0x000001eb975f6cc0 JavaThread "HikariPool-1 connection adder" daemon [_thread_blocked, id=380, stack(0x0000002fa5f00000,0x0000002fa6000000)]

Other Threads:
  0x000001eb50166500 VMThread "VM Thread" [stack: 0x0000002fa4200000,0x0000002fa4300000] [id=8572]
  0x000001eb50536260 WatcherThread [stack: 0x0000002fa5000000,0x0000002fa5100000] [id=17764]
  0x000001eb31f65290 GCTaskThread "GC Thread#0" [stack: 0x0000002fa3d00000,0x0000002fa3e00000] [id=15972]
  0x000001eb50a85490 GCTaskThread "GC Thread#1" [stack: 0x0000002fa5300000,0x0000002fa5400000] [id=16160]
  0x000001eb9623ea00 GCTaskThread "GC Thread#2" [stack: 0x0000002fa5400000,0x0000002fa5500000] [id=20088]
  0x000001eb96235ac0 GCTaskThread "GC Thread#3" [stack: 0x0000002fa5500000,0x0000002fa5600000] [id=14504]
  0x000001eb96224030 GCTaskThread "GC Thread#4" [stack: 0x0000002fa5600000,0x0000002fa5700000] [id=18216]
  0x000001eb96224770 GCTaskThread "GC Thread#5" [stack: 0x0000002fa5700000,0x0000002fa5800000] [id=6648]
  0x000001eb961b07f0 GCTaskThread "GC Thread#6" [stack: 0x0000002fa5800000,0x0000002fa5900000] [id=15648]
  0x000001eb961b0ab0 GCTaskThread "GC Thread#7" [stack: 0x0000002fa5900000,0x0000002fa5a00000] [id=19536]
  0x000001eb31f75aa0 ConcurrentGCThread "G1 Main Marker" [stack: 0x0000002fa3e00000,0x0000002fa3f00000] [id=3076]
  0x000001eb31f76c60 ConcurrentGCThread "G1 Conc#0" [stack: 0x0000002fa3f00000,0x0000002fa4000000] [id=17832]
  0x000001eb97063640 ConcurrentGCThread "G1 Conc#1" [stack: 0x0000002fa5b00000,0x0000002fa5c00000] [id=13944]
  0x000001eb500224d0 ConcurrentGCThread "G1 Refine#0" [stack: 0x0000002fa4000000,0x0000002fa4100000] [id=12940]
  0x000001eb96225330 ConcurrentGCThread "G1 Refine#1" [stack: 0x0000002fa5a00000,0x0000002fa5b00000] [id=6472]
  0x000001eb50022f00 ConcurrentGCThread "G1 Service" [stack: 0x0000002fa4100000,0x0000002fa4200000] [id=20792]

Threads with active compile tasks:
C2 CompilerThread0    15471 6672       4       jdk.internal.org.objectweb.asm.MethodWriter::computeAllFrames (510 bytes)
C1 CompilerThread0    15471 6788   !   3       org.hibernate.loader.ast.internal.LoaderSelectBuilder::lambda$createFetchableConsumer$3 (1017 bytes)

VM state: not at safepoint (normal execution)

VM Mutex/Monitor currently owned by a thread: None

Heap address: 0x0000000083a00000, size: 1990 MB, Compressed Oops mode: 32-bit

CDS archive(s) mapped at: [0x000001eb51000000-0x000001eb51ba0000-0x000001eb51ba0000), size 12189696, SharedBaseAddress: 0x000001eb51000000, ArchiveRelocationMode: 1.
Compressed class space mapped at: 0x000001eb52000000-0x000001eb92000000, reserved size: 1073741824
Narrow klass base: 0x000001eb51000000, Narrow klass shift: 0, Narrow klass range: 0x100000000

GC Precious Log:
 CPUs: 8 total, 8 available
 Memory: 7952M
 Large Page Support: Disabled
 NUMA Support: Disabled
 Compressed Oops: Enabled (32-bit)
 Heap Region Size: 1M
 Heap Min Capacity: 8M
 Heap Initial Capacity: 126M
 Heap Max Capacity: 1990M
 Pre-touch: Disabled
 Parallel Workers: 8
 Concurrent Workers: 2
 Concurrent Refinement Workers: 8
 Periodic GC: Disabled

Heap:
 garbage-first heap   total 55296K, used 31475K [0x0000000083a00000, 0x0000000100000000)
  region size 1024K, 8 young (8192K), 2 survivors (2048K)
 Metaspace       used 60071K, committed 60608K, reserved 1114112K
  class space    used 8035K, committed 8320K, reserved 1048576K

Heap Regions: E=young(eden), S=young(survivor), O=old, HS=humongous(starts), HC=humongous(continues), CS=collection set, F=free, OA=open archive, CA=closed archive, TAMS=top-at-mark-start (previous, next)
|   0|0x0000000083a00000, 0x0000000083b00000, 0x0000000083b00000|100%|HS|  |TAMS 0x0000000083b00000, 0x0000000083a00000| Complete 
|   1|0x0000000083b00000, 0x0000000083c00000, 0x0000000083c00000|100%| O|  |TAMS 0x0000000083c00000, 0x0000000083b00000| Untracked 
|   2|0x0000000083c00000, 0x0000000083d00000, 0x0000000083d00000|100%| O|  |TAMS 0x0000000083d00000, 0x0000000083c00000| Untracked 
|   3|0x0000000083d00000, 0x0000000083e00000, 0x0000000083e00000|100%| O|  |TAMS 0x0000000083e00000, 0x0000000083d00000| Untracked 
|   4|0x0000000083e00000, 0x0000000083f00000, 0x0000000083f00000|100%| O|  |TAMS 0x0000000083f00000, 0x0000000083e00000| Untracked 
|   5|0x0000000083f00000, 0x0000000084000000, 0x0000000084000000|100%| O|  |TAMS 0x0000000084000000, 0x0000000083f00000| Untracked 
|   6|0x0000000084000000, 0x0000000084100000, 0x0000000084100000|100%| O|  |TAMS 0x0000000084100000, 0x0000000084000000| Untracked 
|   7|0x0000000084100000, 0x0000000084200000, 0x0000000084200000|100%| O|  |TAMS 0x0000000084200000, 0x0000000084100000| Untracked 
|   8|0x0000000084200000, 0x0000000084300000, 0x0000000084300000|100%| O|  |TAMS 0x0000000084300000, 0x0000000084200000| Untracked 
|   9|0x0000000084300000, 0x0000000084400000, 0x0000000084400000|100%| O|  |TAMS 0x0000000084400000, 0x0000000084300000| Untracked 
|  10|0x0000000084400000, 0x0000000084500000, 0x0000000084500000|100%| O|  |TAMS 0x0000000084500000, 0x0000000084400000| Untracked 
|  11|0x0000000084500000, 0x0000000084600000, 0x0000000084600000|100%| O|  |TAMS 0x0000000084600000, 0x0000000084500000| Untracked 
|  12|0x0000000084600000, 0x0000000084700000, 0x0000000084700000|100%| O|  |TAMS 0x0000000084700000, 0x0000000084600000| Untracked 
|  13|0x0000000084700000, 0x0000000084800000, 0x0000000084800000|100%| O|  |TAMS 0x0000000084800000, 0x0000000084700000| Untracked 
|  14|0x0000000084800000, 0x0000000084900000, 0x0000000084900000|100%| O|  |TAMS 0x0000000084900000, 0x0000000084800000| Untracked 
|  15|0x0000000084900000, 0x0000000084a00000, 0x0000000084a00000|100%| O|  |TAMS 0x0000000084a00000, 0x0000000084900000| Untracked 
|  16|0x0000000084a00000, 0x0000000084b00000, 0x0000000084b00000|100%| O|  |TAMS 0x0000000084b00000, 0x0000000084a00000| Untracked 
|  17|0x0000000084b00000, 0x0000000084c00000, 0x0000000084c00000|100%| O|  |TAMS 0x0000000084bd1200, 0x0000000084b00000| Untracked 
|  18|0x0000000084c00000, 0x0000000084d00000, 0x0000000084d00000|100%| O|  |TAMS 0x0000000084c00000, 0x0000000084c00000| Untracked 
|  19|0x0000000084d00000, 0x0000000084e00000, 0x0000000084e00000|100%| O|  |TAMS 0x0000000084d00000, 0x0000000084d00000| Untracked 
|  20|0x0000000084e00000, 0x0000000084f00000, 0x0000000084f00000|100%| O|  |TAMS 0x0000000084e00000, 0x0000000084e00000| Untracked 
|  21|0x0000000084f00000, 0x0000000085000000, 0x0000000085000000|100%| O|  |TAMS 0x0000000084f00000, 0x0000000084f00000| Untracked 
|  22|0x0000000085000000, 0x0000000085100000, 0x0000000085100000|100%| O|  |TAMS 0x0000000085000000, 0x0000000085000000| Untracked 
|  23|0x0000000085100000, 0x00000000851d4800, 0x0000000085200000| 83%| O|  |TAMS 0x0000000085100000, 0x0000000085100000| Untracked 
|  24|0x0000000085200000, 0x0000000085200000, 0x0000000085300000|  0%| F|  |TAMS 0x0000000085200000, 0x0000000085200000| Untracked 
|  25|0x0000000085300000, 0x0000000085300000, 0x0000000085400000|  0%| F|  |TAMS 0x0000000085300000, 0x0000000085300000| Untracked 
|  26|0x0000000085400000, 0x0000000085400000, 0x0000000085500000|  0%| F|  |TAMS 0x0000000085400000, 0x0000000085400000| Untracked 
|  27|0x0000000085500000, 0x0000000085500000, 0x0000000085600000|  0%| F|  |TAMS 0x0000000085500000, 0x0000000085500000| Untracked 
|  28|0x0000000085600000, 0x0000000085600000, 0x0000000085700000|  0%| F|  |TAMS 0x0000000085600000, 0x0000000085600000| Untracked 
|  29|0x0000000085700000, 0x0000000085700000, 0x0000000085800000|  0%| F|  |TAMS 0x0000000085700000, 0x0000000085700000| Untracked 
|  30|0x0000000085800000, 0x0000000085800000, 0x0000000085900000|  0%| F|  |TAMS 0x0000000085800000, 0x0000000085800000| Untracked 
|  31|0x0000000085900000, 0x0000000085900000, 0x0000000085a00000|  0%| F|  |TAMS 0x0000000085900000, 0x0000000085900000| Untracked 
|  32|0x0000000085a00000, 0x0000000085ae87d8, 0x0000000085b00000| 90%| E|CS|TAMS 0x0000000085a00000, 0x0000000085ae87d8| Complete 
|  33|0x0000000085b00000, 0x0000000085b00000, 0x0000000085c00000|  0%| F|  |TAMS 0x0000000085b00000, 0x0000000085b00000| Untracked 
|  34|0x0000000085c00000, 0x0000000085c00000, 0x0000000085d00000|  0%| F|  |TAMS 0x0000000085c00000, 0x0000000085c00000| Untracked 
|  35|0x0000000085d00000, 0x0000000085e00000, 0x0000000085e00000|100%| E|CS|TAMS 0x0000000085d00000, 0x0000000085e00000| Complete 
|  36|0x0000000085e00000, 0x0000000085e00000, 0x0000000085f00000|  0%| F|  |TAMS 0x0000000085e00000, 0x0000000085e00000| Untracked 
|  37|0x0000000085f00000, 0x0000000085f00000, 0x0000000086000000|  0%| F|  |TAMS 0x0000000085f00000, 0x0000000085f00000| Untracked 
|  38|0x0000000086000000, 0x0000000086000000, 0x0000000086100000|  0%| F|  |TAMS 0x0000000086000000, 0x0000000086000000| Untracked 
|  39|0x0000000086100000, 0x0000000086100000, 0x0000000086200000|  0%| F|  |TAMS 0x0000000086100000, 0x0000000086100000| Untracked 
|  40|0x0000000086200000, 0x0000000086200000, 0x0000000086300000|  0%| F|  |TAMS 0x0000000086200000, 0x0000000086200000| Untracked 
|  41|0x0000000086300000, 0x0000000086300000, 0x0000000086400000|  0%| F|  |TAMS 0x0000000086300000, 0x0000000086300000| Untracked 
|  42|0x0000000086400000, 0x0000000086400000, 0x0000000086500000|  0%| F|  |TAMS 0x0000000086400000, 0x0000000086400000| Untracked 
|  43|0x0000000086500000, 0x0000000086500000, 0x0000000086600000|  0%| F|  |TAMS 0x0000000086500000, 0x0000000086500000| Untracked 
|  44|0x0000000086600000, 0x0000000086600000, 0x0000000086700000|  0%| F|  |TAMS 0x0000000086600000, 0x0000000086600000| Untracked 
|  45|0x0000000086700000, 0x0000000086700000, 0x0000000086800000|  0%| F|  |TAMS 0x0000000086700000, 0x0000000086700000| Untracked 
|  60|0x0000000087600000, 0x0000000087600000, 0x0000000087700000|  0%| F|  |TAMS 0x0000000087600000, 0x0000000087600000| Untracked 
|  61|0x0000000087700000, 0x000000008774ee10, 0x0000000087800000| 35%| S|  |TAMS 0x0000000087700000, 0x0000000087700000| Complete 
|  62|0x0000000087800000, 0x0000000087900000, 0x0000000087900000|100%| E|CS|TAMS 0x0000000087800000, 0x0000000087900000| Complete 
|  63|0x0000000087900000, 0x0000000087a00000, 0x0000000087a00000|100%| E|CS|TAMS 0x0000000087900000, 0x0000000087a00000| Complete 
|  64|0x0000000087a00000, 0x0000000087b00000, 0x0000000087b00000|100%| E|CS|TAMS 0x0000000087a00000, 0x0000000087b00000| Complete 
|  65|0x0000000087b00000, 0x0000000087c00000, 0x0000000087c00000|100%| E|CS|TAMS 0x0000000087b00000, 0x0000000087c00000| Complete 
|  66|0x0000000087c00000, 0x0000000087d00000, 0x0000000087d00000|100%| E|CS|TAMS 0x0000000087c00000, 0x0000000087d00000| Complete 
| 125|0x000000008b700000, 0x000000008b800000, 0x000000008b800000|100%| E|CS|TAMS 0x000000008b700000, 0x000000008b800000| Complete 

Card table byte_map: [0x000001eb49130000,0x000001eb49520000] _byte_map_base: 0x000001eb48d13000

Marking Bits (Prev, Next): (CMBitMap*) 0x000001eb31f658b0, (CMBitMap*) 0x000001eb31f658f0
 Prev Bits: [0x000001eb49910000, 0x000001eb4b828000)
 Next Bits: [0x000001eb4b830000, 0x000001eb4d748000)

Polling page: 0x000001eb2fe00000

Metaspace:

Usage:
  Non-class:     50.82 MB used.
      Class:      7.85 MB used.
       Both:     58.66 MB used.

Virtual space:
  Non-class space:       64.00 MB reserved,      51.06 MB ( 80%) committed,  1 nodes.
      Class space:        1.00 GB reserved,       8.12 MB ( <1%) committed,  1 nodes.
             Both:        1.06 GB reserved,      59.19 MB (  5%) committed. 

Chunk freelists:
   Non-Class:  12.00 MB
       Class:  7.92 MB
        Both:  19.92 MB

MaxMetaspaceSize: unlimited
CompressedClassSpaceSize: 1.00 GB
Initial GC threshold: 21.00 MB
Current GC threshold: 59.19 MB
CDS: on
MetaspaceReclaimPolicy: balanced
 - commit_granule_bytes: 65536.
 - commit_granule_words: 8192.
 - virtual_space_node_default_size: 8388608.
 - enlarge_chunks_in_place: 1.
 - new_chunks_are_fully_committed: 0.
 - uncommit_free_chunks: 1.
 - use_allocation_guard: 0.
 - handle_deallocations: 1.


Internal statistics:

num_allocs_failed_limit: 9.
num_arena_births: 698.
num_arena_deaths: 0.
num_vsnodes_births: 2.
num_vsnodes_deaths: 0.
num_space_committed: 947.
num_space_uncommitted: 0.
num_chunks_returned_to_freelist: 9.
num_chunks_taken_from_freelist: 2854.
num_chunk_merges: 9.
num_chunk_splits: 2010.
num_chunks_enlarged: 1532.
num_inconsistent_stats: 0.

CodeHeap 'non-profiled nmethods': size=120000Kb used=3234Kb max_used=3413Kb free=116765Kb
 bounds [0x000001eb414e0000, 0x000001eb41840000, 0x000001eb48a10000]
CodeHeap 'profiled nmethods': size=120000Kb used=10849Kb max_used=11864Kb free=109151Kb
 bounds [0x000001eb39a10000, 0x000001eb3a5b0000, 0x000001eb40f40000]
CodeHeap 'non-nmethods': size=5760Kb used=1353Kb max_used=1384Kb free=4406Kb
 bounds [0x000001eb40f40000, 0x000001eb411b0000, 0x000001eb414e0000]
 total_blobs=6566 nmethods=5886 adapters=591
 compilation: enabled
              stopped_count=0, restarted_count=0
 full_count=0

Compilation events (20 events):
Event: 15.259 Thread 0x000001eb5019b5e0 nmethod 6663 0x000001eb4156f890 code [0x000001eb4156fa20, 0x000001eb4156faf8]
Event: 15.259 Thread 0x000001eb5019b5e0 6664       1       org.hibernate.sql.model.TableMapping$MutationDetails::getCustomSql (5 bytes)
Event: 15.259 Thread 0x000001eb5019b5e0 nmethod 6664 0x000001eb4156f590 code [0x000001eb4156f720, 0x000001eb4156f7f8]
Event: 15.259 Thread 0x000001eb5019b5e0 6665       3       org.hibernate.internal.util.collections.CollectionHelper::isEmpty (19 bytes)
Event: 15.259 Thread 0x000001eb5019b5e0 nmethod 6665 0x000001eb3a04dc90 code [0x000001eb3a04de40, 0x000001eb3a04e088]
Event: 15.260 Thread 0x000001eb5019b5e0 6666       3       org.hibernate.persister.entity.AbstractEntityPersister::optimisticLockStyle (8 bytes)
Event: 15.260 Thread 0x000001eb5019b5e0 nmethod 6666 0x000001eb3a2ef910 code [0x000001eb3a2efaa0, 0x000001eb3a2efbd8]
Event: 15.291 Thread 0x000001eb5019b5e0 6667       3       java.lang.invoke.LambdaFormEditor$TransformKey::of (51 bytes)
Event: 15.291 Thread 0x000001eb5019b5e0 nmethod 6667 0x000001eb39bcd090 code [0x000001eb39bcd280, 0x000001eb39bcd828]
Event: 15.291 Thread 0x000001eb5019b5e0 6668       3       java.lang.invoke.LambdaFormEditor$TransformKey::packedBytes (39 bytes)
Event: 15.291 Thread 0x000001eb5019b5e0 nmethod 6668 0x000001eb3a30e310 code [0x000001eb3a30e4a0, 0x000001eb3a30e5b8]
Event: 15.307 Thread 0x000001eb50190000 6670       4       sun.invoke.util.VerifyAccess::isTypeVisible (118 bytes)
Event: 15.307 Thread 0x000001eb5019b5e0 6671       3       java.lang.invoke.MethodHandleStatics::traceLambdaForm (96 bytes)
Event: 15.307 Thread 0x000001eb5019b5e0 nmethod 6671 0x000001eb3a32c890 code [0x000001eb3a32ca20, 0x000001eb3a32cb78]
Event: 15.322 Thread 0x000001eb50190000 nmethod 6670 0x000001eb4156dc90 code [0x000001eb4156de40, 0x000001eb4156e288]
Event: 15.322 Thread 0x000001eb50190000 6672       4       jdk.internal.org.objectweb.asm.MethodWriter::computeAllFrames (510 bytes)
Event: 15.371 Thread 0x000001eb5019b5e0 6680       3       org.hibernate.metamodel.mapping.JdbcMapping::getJdbcJavaType (7 bytes)
Event: 15.371 Thread 0x000001eb5019b5e0 nmethod 6680 0x000001eb3a04d890 code [0x000001eb3a04da40, 0x000001eb3a04dc08]
Event: 15.377 Thread 0x000001eb5019b5e0 6685       3       java.lang.invoke.MethodHandles$Lookup$ClassFile::newInstanceNoCheck (11 bytes)
Event: 15.378 Thread 0x000001eb5019b5e0 nmethod 6685 0x000001eb39bccb10 code [0x000001eb39bcccc0, 0x000001eb39bccf78]

GC Heap History (20 events):
Event: 5.958 GC heap before
{Heap before GC invocations=4 (full 0):
 garbage-first heap   total 55296K, used 39503K [0x0000000083a00000, 0x0000000100000000)
  region size 1024K, 32 young (32768K), 7 survivors (7168K)
 Metaspace       used 24603K, committed 24960K, reserved 1114112K
  class space    used 3075K, committed 3264K, reserved 1048576K
}
Event: 5.969 GC heap after
{Heap after GC invocations=5 (full 0):
 garbage-first heap   total 55296K, used 15971K [0x0000000083a00000, 0x0000000100000000)
  region size 1024K, 3 young (3072K), 3 survivors (3072K)
 Metaspace       used 24603K, committed 24960K, reserved 1114112K
  class space    used 3075K, committed 3264K, reserved 1048576K
}
Event: 6.015 GC heap before
{Heap before GC invocations=5 (full 0):
 garbage-first heap   total 55296K, used 16995K [0x0000000083a00000, 0x0000000100000000)
  region size 1024K, 4 young (4096K), 3 survivors (3072K)
 Metaspace       used 24692K, committed 25024K, reserved 1114112K
  class space    used 3094K, committed 3264K, reserved 1048576K
}
Event: 6.019 GC heap after
{Heap after GC invocations=6 (full 0):
 garbage-first heap   total 55296K, used 16272K [0x0000000083a00000, 0x0000000100000000)
  region size 1024K, 1 young (1024K), 1 survivors (1024K)
 Metaspace       used 24692K, committed 25024K, reserved 1114112K
  class space    used 3094K, committed 3264K, reserved 1048576K
}
Event: 7.003 GC heap before
{Heap before GC invocations=6 (full 0):
 garbage-first heap   total 55296K, used 37776K [0x0000000083a00000, 0x0000000100000000)
  region size 1024K, 22 young (22528K), 1 survivors (1024K)
 Metaspace       used 28698K, committed 29056K, reserved 1114112K
  class space    used 3652K, committed 3840K, reserved 1048576K
}
Event: 7.010 GC heap after
{Heap after GC invocations=7 (full 0):
 garbage-first heap   total 55296K, used 18392K [0x0000000083a00000, 0x0000000100000000)
  region size 1024K, 3 young (3072K), 3 survivors (3072K)
 Metaspace       used 28698K, committed 29056K, reserved 1114112K
  class space    used 3652K, committed 3840K, reserved 1048576K
}
Event: 8.216 GC heap before
{Heap before GC invocations=7 (full 0):
 garbage-first heap   total 55296K, used 38872K [0x0000000083a00000, 0x0000000100000000)
  region size 1024K, 23 young (23552K), 3 survivors (3072K)
 Metaspace       used 31818K, committed 32256K, reserved 1114112K
  class space    used 4034K, committed 4224K, reserved 1048576K
}
Event: 8.225 GC heap after
{Heap after GC invocations=8 (full 0):
 garbage-first heap   total 55296K, used 19608K [0x0000000083a00000, 0x0000000100000000)
  region size 1024K, 2 young (2048K), 2 survivors (2048K)
 Metaspace       used 31818K, committed 32256K, reserved 1114112K
  class space    used 4034K, committed 4224K, reserved 1048576K
}
Event: 9.032 GC heap before
{Heap before GC invocations=8 (full 0):
 garbage-first heap   total 55296K, used 33944K [0x0000000083a00000, 0x0000000100000000)
  region size 1024K, 17 young (17408K), 2 survivors (2048K)
 Metaspace       used 35658K, committed 36096K, reserved 1114112K
  class space    used 4656K, committed 4864K, reserved 1048576K
}
Event: 9.036 GC heap after
{Heap after GC invocations=9 (full 0):
 garbage-first heap   total 55296K, used 20292K [0x0000000083a00000, 0x0000000100000000)
  region size 1024K, 2 young (2048K), 2 survivors (2048K)
 Metaspace       used 35658K, committed 36096K, reserved 1114112K
  class space    used 4656K, committed 4864K, reserved 1048576K
}
Event: 10.645 GC heap before
{Heap before GC invocations=10 (full 0):
 garbage-first heap   total 55296K, used 40772K [0x0000000083a00000, 0x0000000100000000)
  region size 1024K, 23 young (23552K), 2 survivors (2048K)
 Metaspace       used 44808K, committed 45248K, reserved 1114112K
  class space    used 5830K, committed 6016K, reserved 1048576K
}
Event: 10.651 GC heap after
{Heap after GC invocations=11 (full 0):
 garbage-first heap   total 55296K, used 22544K [0x0000000083a00000, 0x0000000100000000)
  region size 1024K, 3 young (3072K), 3 survivors (3072K)
 Metaspace       used 44808K, committed 45248K, reserved 1114112K
  class space    used 5830K, committed 6016K, reserved 1048576K
}
Event: 11.788 GC heap before
{Heap before GC invocations=11 (full 0):
 garbage-first heap   total 55296K, used 40976K [0x0000000083a00000, 0x0000000100000000)
  region size 1024K, 22 young (22528K), 3 survivors (3072K)
 Metaspace       used 48462K, committed 48896K, reserved 1114112K
  class space    used 6314K, committed 6528K, reserved 1048576K
}
Event: 11.794 GC heap after
{Heap after GC invocations=12 (full 0):
 garbage-first heap   total 55296K, used 24460K [0x0000000083a00000, 0x0000000100000000)
  region size 1024K, 2 young (2048K), 2 survivors (2048K)
 Metaspace       used 48462K, committed 48896K, reserved 1114112K
  class space    used 6314K, committed 6528K, reserved 1048576K
}
Event: 13.219 GC heap before
{Heap before GC invocations=12 (full 0):
 garbage-first heap   total 55296K, used 41868K [0x0000000083a00000, 0x0000000100000000)
  region size 1024K, 20 young (20480K), 2 survivors (2048K)
 Metaspace       used 54248K, committed 54784K, reserved 1114112K
  class space    used 7128K, committed 7424K, reserved 1048576K
}
Event: 13.225 GC heap after
{Heap after GC invocations=13 (full 0):
 garbage-first heap   total 55296K, used 25426K [0x0000000083a00000, 0x0000000100000000)
  region size 1024K, 1 young (1024K), 1 survivors (1024K)
 Metaspace       used 54248K, committed 54784K, reserved 1114112K
  class space    used 7128K, committed 7424K, reserved 1048576K
}
Event: 14.434 GC heap before
{Heap before GC invocations=13 (full 0):
 garbage-first heap   total 55296K, used 43858K [0x0000000083a00000, 0x0000000100000000)
  region size 1024K, 19 young (19456K), 1 survivors (1024K)
 Metaspace       used 56867K, committed 57408K, reserved 1114112K
  class space    used 7582K, committed 7872K, reserved 1048576K
}
Event: 14.437 GC heap after
{Heap after GC invocations=14 (full 0):
 garbage-first heap   total 55296K, used 25814K [0x0000000083a00000, 0x0000000100000000)
  region size 1024K, 2 young (2048K), 2 survivors (2048K)
 Metaspace       used 56867K, committed 57408K, reserved 1114112K
  class space    used 7582K, committed 7872K, reserved 1048576K
}
Event: 15.151 GC heap before
{Heap before GC invocations=14 (full 0):
 garbage-first heap   total 55296K, used 44246K [0x0000000083a00000, 0x0000000100000000)
  region size 1024K, 20 young (20480K), 2 survivors (2048K)
 Metaspace       used 58457K, committed 59008K, reserved 1114112K
  class space    used 7791K, committed 8064K, reserved 1048576K
}
Event: 15.154 GC heap after
{Heap after GC invocations=15 (full 0):
 garbage-first heap   total 55296K, used 26355K [0x0000000083a00000, 0x0000000100000000)
  region size 1024K, 2 young (2048K), 2 survivors (2048K)
 Metaspace       used 58457K, committed 59008K, reserved 1114112K
  class space    used 7791K, committed 8064K, reserved 1048576K
}

Dll operation events (13 events):
Event: 0.011 Loaded shared library C:\Users\Admin\.jdks\corretto-17.0.9\bin\java.dll
Event: 0.040 Loaded shared library C:\Users\Admin\.jdks\corretto-17.0.9\bin\jsvml.dll
Event: 0.208 Loaded shared library C:\Users\Admin\.jdks\corretto-17.0.9\bin\zip.dll
Event: 0.212 Loaded shared library C:\Users\Admin\.jdks\corretto-17.0.9\bin\instrument.dll
Event: 0.225 Loaded shared library C:\Users\Admin\.jdks\corretto-17.0.9\bin\net.dll
Event: 0.227 Loaded shared library C:\Users\Admin\.jdks\corretto-17.0.9\bin\nio.dll
Event: 0.231 Loaded shared library C:\Users\Admin\.jdks\corretto-17.0.9\bin\zip.dll
Event: 0.397 Loaded shared library C:\Program Files\JetBrains\IntelliJ IDEA Community Edition 2023.2.4\bin\breakgen64.dll
Event: 0.482 Loaded shared library C:\Users\Admin\.jdks\corretto-17.0.9\bin\jimage.dll
Event: 0.980 Loaded shared library C:\Users\Admin\.jdks\corretto-17.0.9\bin\management.dll
Event: 0.983 Loaded shared library C:\Users\Admin\.jdks\corretto-17.0.9\bin\management_ext.dll
Event: 2.976 Loaded shared library C:\Users\Admin\.jdks\corretto-17.0.9\bin\sunmscapi.dll
Event: 8.736 Loaded shared library C:\Users\Admin\.jdks\corretto-17.0.9\bin\verify.dll

Deoptimization events (20 events):
Event: 15.369 Thread 0x000001eb50e76190 Uncommon trap: trap_request=0xffffffde fr.pc=0x000001eb417481dc relative=0x000000000000013c
Event: 15.369 Thread 0x000001eb50e76190 Uncommon trap: reason=class_check action=maybe_recompile pc=0x000001eb417481dc method=java.util.AbstractList.rangeCheckForAdd(I)V @ 6 c2
Event: 15.369 Thread 0x000001eb50e76190 DEOPT PACKING pc=0x000001eb417481dc sp=0x0000002fa52f8820
Event: 15.369 Thread 0x000001eb50e76190 DEOPT UNPACKING pc=0x000001eb40f969a3 sp=0x0000002fa52f8750 mode 2
Event: 15.369 Thread 0x000001eb50e76190 Uncommon trap: trap_request=0xffffffde fr.pc=0x000001eb417481dc relative=0x000000000000013c
Event: 15.369 Thread 0x000001eb50e76190 Uncommon trap: reason=class_check action=maybe_recompile pc=0x000001eb417481dc method=java.util.AbstractList.rangeCheckForAdd(I)V @ 6 c2
Event: 15.369 Thread 0x000001eb50e76190 DEOPT PACKING pc=0x000001eb417481dc sp=0x0000002fa52f8820
Event: 15.369 Thread 0x000001eb50e76190 DEOPT UNPACKING pc=0x000001eb40f969a3 sp=0x0000002fa52f8750 mode 2
Event: 15.371 Thread 0x000001eb50e76190 Uncommon trap: trap_request=0xffffffde fr.pc=0x000001eb4152a84c relative=0x0000000000000b6c
Event: 15.371 Thread 0x000001eb50e76190 Uncommon trap: reason=class_check action=maybe_recompile pc=0x000001eb4152a84c method=java.util.AbstractList.equals(Ljava/lang/Object;)Z @ 8 c2
Event: 15.371 Thread 0x000001eb50e76190 DEOPT PACKING pc=0x000001eb4152a84c sp=0x0000002fa52f8840
Event: 15.371 Thread 0x000001eb50e76190 DEOPT UNPACKING pc=0x000001eb40f969a3 sp=0x0000002fa52f87e0 mode 2
Event: 15.371 Thread 0x000001eb50e76190 Uncommon trap: trap_request=0xffffffde fr.pc=0x000001eb417481dc relative=0x000000000000013c
Event: 15.371 Thread 0x000001eb50e76190 Uncommon trap: reason=class_check action=maybe_recompile pc=0x000001eb417481dc method=java.util.AbstractList.rangeCheckForAdd(I)V @ 6 c2
Event: 15.371 Thread 0x000001eb50e76190 DEOPT PACKING pc=0x000001eb417481dc sp=0x0000002fa52f87a0
Event: 15.371 Thread 0x000001eb50e76190 DEOPT UNPACKING pc=0x000001eb40f969a3 sp=0x0000002fa52f86d0 mode 2
Event: 15.371 Thread 0x000001eb50e76190 Uncommon trap: trap_request=0xffffffde fr.pc=0x000001eb417481dc relative=0x000000000000013c
Event: 15.371 Thread 0x000001eb50e76190 Uncommon trap: reason=class_check action=maybe_recompile pc=0x000001eb417481dc method=java.util.AbstractList.rangeCheckForAdd(I)V @ 6 c2
Event: 15.371 Thread 0x000001eb50e76190 DEOPT PACKING pc=0x000001eb417481dc sp=0x0000002fa52f87a0
Event: 15.371 Thread 0x000001eb50e76190 DEOPT UNPACKING pc=0x000001eb40f969a3 sp=0x0000002fa52f86d0 mode 2

Classes unloaded (0 events):
No events

Classes redefined (0 events):
No events

Internal exceptions (20 events):
Event: 12.287 Thread 0x000001eb50e76190 Exception <a 'java/lang/IncompatibleClassChangeError'{0x00000000867c58d0}: Found class java.lang.Object, but interface was expected> (0x00000000867c58d0) 
thrown [s\src\hotspot\share\interpreter\linkResolver.cpp, line 826]
Event: 12.350 Thread 0x000001eb50e76190 Exception <a 'java/lang/NoSuchMethodError'{0x0000000086679ae0}: 'java.lang.Object java.lang.invoke.DirectMethodHandle$Holder.invokeStatic(java.lang.Object, java.lang.Object, int, java.lang.Object)'> (0x0000000086679ae0) 
thrown [s\src\hotspot\share\interpreter\linkResolver.cpp, line 759]
Event: 12.351 Thread 0x000001eb50e76190 Exception <a 'java/lang/NoSuchMethodError'{0x000000008667dd70}: 'java.lang.Object java.lang.invoke.DirectMethodHandle$Holder.invokeStaticInit(java.lang.Object, java.lang.Object, int, java.lang.Object)'> (0x000000008667dd70) 
thrown [s\src\hotspot\share\interpreter\linkResolver.cpp, line 759]
Event: 14.946 Thread 0x000001eb50e76190 Exception <a 'java/lang/NoSuchMethodError'{0x000000008610c428}: 'void java.lang.invoke.DirectMethodHandle$Holder.invokeStaticInit(java.lang.Object, int, java.lang.Object, java.lang.Object, java.lang.Object, java.lang.Object)'> (0x000000008610c428) 
thrown [s\src\hotspot\share\interpreter\linkResolver.cpp, line 759]
Event: 15.020 Thread 0x000001eb50e76190 Exception <a 'java/lang/NoSuchMethodError'{0x000000008606cbd0}: 'java.lang.Object java.lang.invoke.DirectMethodHandle$Holder.newInvokeSpecial(java.lang.Object, java.lang.Object, java.lang.Object, java.lang.Object, java.lang.Object, java.lang.Object)'> (0x000000008606cbd0) 
thrown [s\src\hotspot\share\interpreter\linkResolver.cpp, line 759]
Event: 15.025 Thread 0x000001eb50e76190 Exception <a 'java/lang/NoSuchMethodError'{0x000000008607cb70}: 'int java.lang.invoke.DirectMethodHandle$Holder.invokeStatic(java.lang.Object, java.lang.Object, java.lang.Object, java.lang.Object, java.lang.Object)'> (0x000000008607cb70) 
thrown [s\src\hotspot\share\interpreter\linkResolver.cpp, line 759]
Event: 15.074 Thread 0x000001eb50e76190 Exception <a 'java/lang/NoSuchMethodError'{0x0000000085f5ff78}: 'void java.lang.invoke.DirectMethodHandle$Holder.invokeInterface(java.lang.Object, java.lang.Object, int, java.lang.Object)'> (0x0000000085f5ff78) 
thrown [s\src\hotspot\share\interpreter\linkResolver.cpp, line 759]
Event: 15.086 Thread 0x000001eb50e76190 Exception <a 'java/lang/NoSuchMethodError'{0x0000000085f85e90}: 'java.lang.Object java.lang.invoke.DirectMethodHandle$Holder.newInvokeSpecial(java.lang.Object, java.lang.Object, int, java.lang.Object)'> (0x0000000085f85e90) 
thrown [s\src\hotspot\share\interpreter\linkResolver.cpp, line 759]
Event: 15.086 Thread 0x000001eb50e76190 Exception <a 'java/lang/NoSuchMethodError'{0x0000000085f8a250}: 'java.lang.Object java.lang.invoke.Invokers$Holder.linkToTargetMethod(java.lang.Object, int, java.lang.Object, java.lang.Object)'> (0x0000000085f8a250) 
thrown [s\src\hotspot\share\interpreter\linkResolver.cpp, line 759]
Event: 15.142 Thread 0x000001eb50e76190 Exception <a 'java/lang/NoSuchMethodError'{0x0000000085e94d38}: 'void java.lang.invoke.DirectMethodHandle$Holder.invokeSpecial(java.lang.Object, java.lang.Object, int, java.lang.Object)'> (0x0000000085e94d38) 
thrown [s\src\hotspot\share\interpreter\linkResolver.cpp, line 759]
Event: 15.143 Thread 0x000001eb50e76190 Exception <a 'java/lang/NoSuchMethodError'{0x0000000085e9c438}: 'java.lang.Object java.lang.invoke.DirectMethodHandle$Holder.newInvokeSpecial(java.lang.Object, java.lang.Object, int)'> (0x0000000085e9c438) 
thrown [s\src\hotspot\share\interpreter\linkResolver.cpp, line 759]
Event: 15.204 Thread 0x000001eb50e76190 Exception <a 'java/lang/NoSuchMethodError'{0x0000000087c0a290}: 'int java.lang.invoke.DirectMethodHandle$Holder.invokeStatic(java.lang.Object, int, java.lang.Object)'> (0x0000000087c0a290) 
thrown [s\src\hotspot\share\interpreter\linkResolver.cpp, line 759]
Event: 15.209 Thread 0x000001eb50e76190 Exception <a 'java/lang/NoSuchMethodError'{0x0000000087c25a80}: 'java.lang.Object java.lang.invoke.DirectMethodHandle$Holder.newInvokeSpecial(java.lang.Object, java.lang.Object, java.lang.Object, java.lang.Object, java.lang.Object, int, java.lang.Object)'> (0x0000000087c25a80) 
thrown [s\src\hotspot\share\interpreter\linkResolver.cpp, line 759]
Event: 15.218 Thread 0x000001eb50e76190 Exception <a 'java/lang/NoSuchMethodError'{0x0000000087c5edb0}: 'java.lang.Object java.lang.invoke.DirectMethodHandle$Holder.newInvokeSpecial(java.lang.Object, java.lang.Object, java.lang.Object, java.lang.Object, java.lang.Object, java.lang.Object, java.lang.Object, java.lang.Object, java.lang.Object, java.lang.Object, java.lang.Object, java.lang.Object)'> (0x0000000087c5edb0) 
thrown [s\src\hotspot\share\interpreter\linkResolver.cpp, line 759]
Event: 15.218 Thread 0x000001eb50e76190 Exception <a 'java/lang/NoSuchMethodError'{0x0000000087c64040}: 'java.lang.Object java.lang.invoke.DirectMethodHandle$Holder.invokeSpecial(java.lang.Object, java.lang.Object, java.lang.Object, java.lang.Object, java.lang.Object, java.lang.Object, java.lang.Object, java.lang.Object, java.lang.Object, java.lang.Object, java.lang.Object, java.lang.Object, java.lang.Object)'> (0x0000000087c64040) 
thrown [s\src\hotspot\share\interpreter\linkResolver.cpp, line 759]
Event: 15.219 Thread 0x000001eb50e76190 Exception <a 'java/lang/NoSuchMethodError'{0x0000000087c68f50}: 'java.lang.Object java.lang.invoke.Invokers$Holder.linkToTargetMethod(java.lang.Object, java.lang.Object, java.lang.Object, java.lang.Object, java.lang.Object, java.lang.Object, java.lang.Object, java.lang.Object, java.lang.Object, java.lang.Object, java.lang.Object, java.lang.Object)'> (0x0000000087c68f50) 
thrown [s\src\hotspot\share\interpreter\linkResolver.cpp, line 759]
Event: 15.321 Thread 0x000001eb50e76190 Exception <a 'java/lang/NoSuchMethodError'{0x0000000087aba138}: 'java.lang.Object java.lang.invoke.DirectMethodHandle$Holder.newInvokeSpecial(java.lang.Object, java.lang.Object, int, java.lang.Object, int, java.lang.Object, java.lang.Object)'> (0x0000000087aba138) 
thrown [s\src\hotspot\share\interpreter\linkResolver.cpp, line 759]
Event: 15.376 Thread 0x000001eb50e76190 Exception <a 'java/lang/NoSuchMethodError'{0x00000000879b6e60}: 'java.lang.Object java.lang.invoke.DirectMethodHandle$Holder.newInvokeSpecial(java.lang.Object, java.lang.Object, java.lang.Object, java.lang.Object, java.lang.Object, java.lang.Object, java.lang.Object, int)'> (0x00000000879b6e60) 
thrown [s\src\hotspot\share\interpreter\linkResolver.cpp, line 759]
Event: 15.377 Thread 0x000001eb50e76190 Exception <a 'java/lang/NoSuchMethodError'{0x00000000879bc650}: 'java.lang.Object java.lang.invoke.DirectMethodHandle$Holder.invokeSpecial(java.lang.Object, java.lang.Object, java.lang.Object, java.lang.Object, java.lang.Object, java.lang.Object, java.lang.Object, java.lang.Object, int)'> (0x00000000879bc650) 
thrown [s\src\hotspot\share\interpreter\linkResolver.cpp, line 759]
Event: 15.377 Thread 0x000001eb50e76190 Exception <a 'java/lang/NoSuchMethodError'{0x00000000879c1910}: 'java.lang.Object java.lang.invoke.Invokers$Holder.linkToTargetMethod(java.lang.Object, java.lang.Object, java.lang.Object, java.lang.Object, java.lang.Object, java.lang.Object, int, java.lang.Object)'> (0x00000000879c1910) 
thrown [s\src\hotspot\share\interpreter\linkResolver.cpp, line 759]

VM Operations (20 events):
Event: 13.280 Executing VM operation: HandshakeAllThreads
Event: 13.281 Executing VM operation: HandshakeAllThreads done
Event: 13.742 Executing VM operation: HandshakeAllThreads
Event: 13.742 Executing VM operation: HandshakeAllThreads done
Event: 14.024 Executing VM operation: ICBufferFull
Event: 14.024 Executing VM operation: ICBufferFull done
Event: 14.144 Executing VM operation: HandshakeAllThreads
Event: 14.145 Executing VM operation: HandshakeAllThreads done
Event: 14.198 Executing VM operation: HandshakeAllThreads
Event: 14.198 Executing VM operation: HandshakeAllThreads done
Event: 14.210 Executing VM operation: ICBufferFull
Event: 14.210 Executing VM operation: ICBufferFull done
Event: 14.219 Executing VM operation: HandshakeAllThreads
Event: 14.219 Executing VM operation: HandshakeAllThreads done
Event: 14.434 Executing VM operation: G1CollectForAllocation
Event: 14.437 Executing VM operation: G1CollectForAllocation done
Event: 14.682 Executing VM operation: ICBufferFull
Event: 14.682 Executing VM operation: ICBufferFull done
Event: 15.151 Executing VM operation: G1CollectForAllocation
Event: 15.155 Executing VM operation: G1CollectForAllocation done

Events (20 events):
Event: 14.232 Thread 0x000001eb5019e790 flushing nmethod 0x000001eb3a4e7290
Event: 14.232 Thread 0x000001eb5019e790 flushing nmethod 0x000001eb3a4e7d10
Event: 14.232 Thread 0x000001eb5019e790 flushing nmethod 0x000001eb3a4ea190
Event: 14.232 Thread 0x000001eb5019e790 flushing nmethod 0x000001eb3a4efe10
Event: 14.232 Thread 0x000001eb5019e790 flushing nmethod 0x000001eb3a4f0490
Event: 14.232 Thread 0x000001eb5019e790 flushing nmethod 0x000001eb3a4f1d10
Event: 14.232 Thread 0x000001eb5019e790 flushing nmethod 0x000001eb3a4f2f10
Event: 14.232 Thread 0x000001eb5019e790 flushing nmethod 0x000001eb3a4f4990
Event: 14.233 Thread 0x000001eb5019e790 flushing nmethod 0x000001eb3a516490
Event: 14.233 Thread 0x000001eb5019e790 flushing nmethod 0x000001eb3a517290
Event: 14.233 Thread 0x000001eb5019e790 flushing nmethod 0x000001eb3a51ba10
Event: 14.233 Thread 0x000001eb5019e790 flushing nmethod 0x000001eb3a520c10
Event: 14.233 Thread 0x000001eb5019e790 flushing nmethod 0x000001eb3a520f90
Event: 14.233 Thread 0x000001eb5019e790 flushing nmethod 0x000001eb3a52d190
Event: 14.233 Thread 0x000001eb5019e790 flushing nmethod 0x000001eb3a52d510
Event: 14.233 Thread 0x000001eb5019e790 flushing nmethod 0x000001eb3a534590
Event: 14.233 Thread 0x000001eb5019e790 flushing nmethod 0x000001eb3a552710
Event: 15.041 loading class jdk/internal/reflect/UnsafeIntegerFieldAccessorImpl
Event: 15.041 loading class jdk/internal/reflect/UnsafeIntegerFieldAccessorImpl done
Event: 15.200 Thread 0x000001eb505220d0 Thread exited: 0x000001eb505220d0


Dynamic libraries:
0x00007ff6f9060000 - 0x00007ff6f906e000 	C:\Users\Admin\.jdks\corretto-17.0.9\bin\java.exe
0x00007ffa09970000 - 0x00007ffa09b68000 	C:\Windows\SYSTEM32\ntdll.dll
0x00007ffa08cf0000 - 0x00007ffa08db2000 	C:\Windows\System32\KERNEL32.DLL
0x00007ffa073c0000 - 0x00007ffa076be000 	C:\Windows\System32\KERNELBASE.dll
0x00007ffa076c0000 - 0x00007ffa077c0000 	C:\Windows\System32\ucrtbase.dll
0x00007ffa00570000 - 0x00007ffa00587000 	C:\Users\Admin\.jdks\corretto-17.0.9\bin\jli.dll
0x00007ffa00550000 - 0x00007ffa0056b000 	C:\Users\Admin\.jdks\corretto-17.0.9\bin\VCRUNTIME140.dll
0x00007ffa09370000 - 0x00007ffa0950d000 	C:\Windows\System32\USER32.dll
0x00007ff9e65b0000 - 0x00007ff9e684a000 	C:\Windows\WinSxS\amd64_microsoft.windows.common-controls_6595b64144ccf1df_6.0.19041.4355_none_60b8b9eb71f62e16\COMCTL32.dll
0x00007ffa070a0000 - 0x00007ffa070c2000 	C:\Windows\System32\win32u.dll
0x00007ffa095a0000 - 0x00007ffa095cb000 	C:\Windows\System32\GDI32.dll
0x00007ffa08bd0000 - 0x00007ffa08c6e000 	C:\Windows\System32\msvcrt.dll
0x00007ffa072a0000 - 0x00007ffa073b7000 	C:\Windows\System32\gdi32full.dll
0x00007ffa07200000 - 0x00007ffa0729d000 	C:\Windows\System32\msvcp_win.dll
0x00007ffa08670000 - 0x00007ffa0869f000 	C:\Windows\System32\IMM32.DLL
0x00007ff9ff560000 - 0x00007ff9ff56c000 	C:\Users\Admin\.jdks\corretto-17.0.9\bin\vcruntime140_1.dll
0x00007ff9f18f0000 - 0x00007ff9f197d000 	C:\Users\Admin\.jdks\corretto-17.0.9\bin\msvcp140.dll
0x00007ff9b6030000 - 0x00007ff9b6c91000 	C:\Users\Admin\.jdks\corretto-17.0.9\bin\server\jvm.dll
0x00007ffa090a0000 - 0x00007ffa09152000 	C:\Windows\System32\ADVAPI32.dll
0x00007ffa09650000 - 0x00007ffa096f0000 	C:\Windows\System32\sechost.dll
0x00007ffa09160000 - 0x00007ffa09283000 	C:\Windows\System32\RPCRT4.dll
0x00007ffa071d0000 - 0x00007ffa071f7000 	C:\Windows\System32\bcrypt.dll
0x00007ff9f1db0000 - 0x00007ff9f1dd7000 	C:\Windows\SYSTEM32\WINMM.dll
0x00007ff9f2710000 - 0x00007ff9f2719000 	C:\Windows\SYSTEM32\WSOCK32.dll
0x00007ffa08e90000 - 0x00007ffa08efb000 	C:\Windows\System32\WS2_32.dll
0x00007ff9fc390000 - 0x00007ff9fc39a000 	C:\Windows\SYSTEM32\VERSION.dll
0x00007ffa06e70000 - 0x00007ffa06ebb000 	C:\Windows\SYSTEM32\POWRPROF.dll
0x00007ffa06e50000 - 0x00007ffa06e62000 	C:\Windows\SYSTEM32\UMPDC.dll
0x00007ffa05860000 - 0x00007ffa05872000 	C:\Windows\SYSTEM32\kernel.appcore.dll
0x00007ff9ff510000 - 0x00007ff9ff51a000 	C:\Users\Admin\.jdks\corretto-17.0.9\bin\jimage.dll
0x00007ffa000e0000 - 0x00007ffa002c4000 	C:\Windows\SYSTEM32\DBGHELP.DLL
0x00007ff9f17f0000 - 0x00007ff9f1824000 	C:\Windows\SYSTEM32\dbgcore.DLL
0x00007ffa07010000 - 0x00007ffa07092000 	C:\Windows\System32\bcryptPrimitives.dll
0x00007ff9fd790000 - 0x00007ff9fd79e000 	C:\Users\Admin\.jdks\corretto-17.0.9\bin\instrument.dll
0x00007ff9ef320000 - 0x00007ff9ef345000 	C:\Users\Admin\.jdks\corretto-17.0.9\bin\java.dll
0x00007ff9ddac0000 - 0x00007ff9ddb97000 	C:\Users\Admin\.jdks\corretto-17.0.9\bin\jsvml.dll
0x00007ffa07990000 - 0x00007ffa080ff000 	C:\Windows\System32\SHELL32.dll
0x00007ffa05070000 - 0x00007ffa05814000 	C:\Windows\SYSTEM32\windows.storage.dll
0x00007ffa082b0000 - 0x00007ffa08603000 	C:\Windows\System32\combase.dll
0x00007ffa06970000 - 0x00007ffa0699e000 	C:\Windows\SYSTEM32\Wldp.dll
0x00007ffa08dc0000 - 0x00007ffa08e8d000 	C:\Windows\System32\OLEAUT32.dll
0x00007ffa09880000 - 0x00007ffa0992d000 	C:\Windows\System32\SHCORE.dll
0x00007ffa08610000 - 0x00007ffa08665000 	C:\Windows\System32\shlwapi.dll
0x00007ffa06f40000 - 0x00007ffa06f64000 	C:\Windows\SYSTEM32\profapi.dll
0x00007ff9ef300000 - 0x00007ff9ef318000 	C:\Users\Admin\.jdks\corretto-17.0.9\bin\zip.dll
0x00007ff9ff420000 - 0x00007ff9ff439000 	C:\Users\Admin\.jdks\corretto-17.0.9\bin\net.dll
0x00007ff9fc170000 - 0x00007ff9fc27d000 	C:\Windows\SYSTEM32\WINHTTP.dll
0x00007ffa066d0000 - 0x00007ffa0673a000 	C:\Windows\system32\mswsock.dll
0x00007ff9f18d0000 - 0x00007ff9f18e6000 	C:\Users\Admin\.jdks\corretto-17.0.9\bin\nio.dll
0x00007ff9ee120000 - 0x00007ff9ee13a000 	C:\Program Files\JetBrains\IntelliJ IDEA Community Edition 2023.2.4\bin\breakgen64.dll
0x00007ff9eddb0000 - 0x00007ff9eddb9000 	C:\Users\Admin\.jdks\corretto-17.0.9\bin\management.dll
0x00007ff9edda0000 - 0x00007ff9eddab000 	C:\Users\Admin\.jdks\corretto-17.0.9\bin\management_ext.dll
0x00007ffa08cd0000 - 0x00007ffa08cd8000 	C:\Windows\System32\PSAPI.DLL
0x00007ff9ed920000 - 0x00007ff9ed92e000 	C:\Users\Admin\.jdks\corretto-17.0.9\bin\sunmscapi.dll
0x00007ffa07830000 - 0x00007ffa0798c000 	C:\Windows\System32\CRYPT32.dll
0x00007ffa06a40000 - 0x00007ffa06a67000 	C:\Windows\SYSTEM32\ncrypt.dll
0x00007ffa06a00000 - 0x00007ffa06a3b000 	C:\Windows\SYSTEM32\NTASN1.dll
0x00007ffa068d0000 - 0x00007ffa068e8000 	C:\Windows\SYSTEM32\CRYPTSP.dll
0x00007ffa05ff0000 - 0x00007ffa06024000 	C:\Windows\system32\rsaenh.dll
0x00007ffa06f00000 - 0x00007ffa06f2e000 	C:\Windows\SYSTEM32\USERENV.dll
0x00007ffa068c0000 - 0x00007ffa068cc000 	C:\Windows\SYSTEM32\CRYPTBASE.dll
0x00007ffa063b0000 - 0x00007ffa063eb000 	C:\Windows\SYSTEM32\IPHLPAPI.DLL
0x00007ffa08b10000 - 0x00007ffa08b18000 	C:\Windows\System32\NSI.dll
0x00007ff9fd870000 - 0x00007ff9fd887000 	C:\Windows\SYSTEM32\dhcpcsvc6.DLL
0x00007ff9fd850000 - 0x00007ff9fd86d000 	C:\Windows\SYSTEM32\dhcpcsvc.DLL
0x00007ffa063f0000 - 0x00007ffa064ba000 	C:\Windows\SYSTEM32\DNSAPI.dll
0x00007ff9ee140000 - 0x00007ff9ee150000 	C:\Users\Admin\.jdks\corretto-17.0.9\bin\verify.dll
0x00007ff9fad50000 - 0x00007ff9fad5a000 	C:\Windows\System32\rasadhlp.dll
0x00007ff9fa8d0000 - 0x00007ff9fa950000 	C:\Windows\System32\fwpuclnt.dll

dbghelp: loaded successfully - version: 4.0.5 - missing functions: none
symbol engine: initialized successfully - sym options: 0x614 - pdb path: .;C:\Users\Admin\.jdks\corretto-17.0.9\bin;C:\Windows\SYSTEM32;C:\Windows\WinSxS\amd64_microsoft.windows.common-controls_6595b64144ccf1df_6.0.19041.4355_none_60b8b9eb71f62e16;C:\Users\Admin\.jdks\corretto-17.0.9\bin\server;C:\Program Files\JetBrains\IntelliJ IDEA Community Edition 2023.2.4\bin

VM Arguments:
jvm_args: -javaagent:C:\Program Files\JetBrains\IntelliJ IDEA Community Edition 2023.2.4\lib\idea_rt.jar=53925:C:\Program Files\JetBrains\IntelliJ IDEA Community Edition 2023.2.4\bin -Dfile.encoding=UTF-8 
java_command: com.graduates.test.TestApplication
java_class_path (initial): D:\datn\target\classes;C:\Users\Admin\.m2\repository\org\springframework\boot\spring-boot-starter-data-jpa\3.3.3\spring-boot-starter-data-jpa-3.3.3.jar;C:\Users\Admin\.m2\repository\org\springframework\boot\spring-boot-starter-aop\3.3.3\spring-boot-starter-aop-3.3.3.jar;C:\Users\Admin\.m2\repository\org\aspectj\aspectjweaver\1.9.22.1\aspectjweaver-1.9.22.1.jar;C:\Users\Admin\.m2\repository\org\springframework\boot\spring-boot-starter-jdbc\3.3.3\spring-boot-starter-jdbc-3.3.3.jar;C:\Users\Admin\.m2\repository\com\zaxxer\HikariCP\5.1.0\HikariCP-5.1.0.jar;C:\Users\Admin\.m2\repository\org\springframework\spring-jdbc\6.1.12\spring-jdbc-6.1.12.jar;C:\Users\Admin\.m2\repository\org\hibernate\orm\hibernate-core\6.5.2.Final\hibernate-core-6.5.2.Final.jar;C:\Users\Admin\.m2\repository\jakarta\persistence\jakarta.persistence-api\3.1.0\jakarta.persistence-api-3.1.0.jar;C:\Users\Admin\.m2\repository\jakarta\transaction\jakarta.transaction-api\2.0.1\jakarta.transaction-api-2.0.1.jar;C:\Users\Admin\.m2\repository\org\jboss\logging\jboss-logging\3.5.3.Final\jboss-logging-3.5.3.Final.jar;C:\Users\Admin\.m2\repository\org\hibernate\common\hibernate-commons-annotations\6.0.6.Final\hibernate-commons-annotations-6.0.6.Final.jar;C:\Users\Admin\.m2\repository\io\smallrye\jandex\3.1.2\jandex-3.1.2.jar;C:\Users\Admin\.m2\repository\com\fasterxml\classmate\1.7.0\classmate-1.7.0.jar;C:\Users\Admin\.m2\repository\net\bytebuddy\byte-buddy\1.14.19\byte-buddy-1.14.19.jar;C:\Users\Admin\.m2\repository\org\glassfish\jaxb\jaxb-runtime\4.0.5\jaxb-runtime-4.0.5.jar;C:\Users\Admin\.m2\repository\org\glassfish\jaxb\jaxb-core\4.0.5\jaxb-core-4.0.5.jar;C:\Users\Admin\.m2\repository\org\eclipse\angus\angus-activation\2.0.2\angus-activation-2.0.2.jar;C:\Users\Admin\.m2\repository\org\glassfish\jaxb\txw2\4.0.5\txw2-4.0.5.jar;C:\Users\Admin\.m2\repository\com\sun\istack\istack-commons-runtime\4.1.2\istack-commons-runtime-4.1.2.jar;C:\Users\Admin\.m2\repository\jakarta\inject\jaka
Launcher Type: SUN_STANDARD

[Global flags]
     intx CICompilerCount                          = 4                                         {product} {ergonomic}
     uint ConcGCThreads                            = 2                                         {product} {ergonomic}
     uint G1ConcRefinementThreads                  = 8                                         {product} {ergonomic}
   size_t G1HeapRegionSize                         = 1048576                                   {product} {ergonomic}
    uintx GCDrainStackTargetSize                   = 64                                        {product} {ergonomic}
   size_t InitialHeapSize                          = 132120576                                 {product} {ergonomic}
   size_t MarkStackSize                            = 4194304                                   {product} {ergonomic}
   size_t MaxHeapSize                              = 2086666240                                {product} {ergonomic}
   size_t MaxNewSize                               = 1251999744                                {product} {ergonomic}
   size_t MinHeapDeltaBytes                        = 1048576                                   {product} {ergonomic}
   size_t MinHeapSize                              = 8388608                                   {product} {ergonomic}
    uintx NonNMethodCodeHeapSize                   = 5839372                                {pd product} {ergonomic}
    uintx NonProfiledCodeHeapSize                  = 122909434                              {pd product} {ergonomic}
    uintx ProfiledCodeHeapSize                     = 122909434                              {pd product} {ergonomic}
    uintx ReservedCodeCacheSize                    = 251658240                              {pd product} {ergonomic}
     bool SegmentedCodeCache                       = true                                      {product} {ergonomic}
   size_t SoftMaxHeapSize                          = 2086666240                             {manageable} {ergonomic}
     bool UseCompressedClassPointers               = true                           {product lp64_product} {ergonomic}
     bool UseCompressedOops                        = true                           {product lp64_product} {ergonomic}
     bool UseG1GC                                  = true                                      {product} {ergonomic}
     bool UseLargePagesIndividualAllocation        = false                                  {pd product} {ergonomic}

Logging:
Log output configuration:
 #0: stdout all=warning uptime,level,tags
 #1: stderr all=off uptime,level,tags

Environment Variables:
PATH=C:\Program Files (x86)\VMware\VMware Workstation\bin\;C:\Program Files\Microsoft MPI\Bin\;C:\Program Files (x86)\Common Files\Oracle\Java\javapath;C:\ProgramData\Oracle\Java\javapath;C:\Windows\system32;C:\Windows;C:\Windows\System32\Wbem;C:\Windows\System32\WindowsPowerShell\v1.0\;C:\Windows\System32\OpenSSH\;C:\Program Files\Microsoft SQL Server\Client SDK\ODBC\130\Tools\Binn\;C:\Program Files (x86)\Microsoft SQL Server\150\DTS\Binn\;C:\Program Files\Azure Data Studio\bin;C:\Program Files\Microsoft SQL Server\150\DTS\Binn\;C:\Program Files\Microsoft SQL Server\Client SDK\ODBC\170\Tools\Binn\;C:\Program Files (x86)\Microsoft SQL Server\150\Tools\Binn\;C:\Program Files\Microsoft SQL Server\150\Tools\Binn\;C:\Program Files\Git\cmd;C:\Program Files\nodejs\;C:\Users\Admin\AppData\Local\Programs\Python\Python310\Scripts\;C:\Users\Admin\AppData\Local\Programs\Python\Python310\;C:\Users\Admin\AppData\Local\Microsoft\WindowsApps;C:\Users\Admin\AppData\Local\Programs\Microsoft VS Code\bin;C:\Program Files\Azure Data Studio\bin;C:\Program Files\JetBrains\IntelliJ IDEA Community Edition 2023.2.4\bin;;C:\Users\Admin\AppData\Local\GitHubDesktop\bin;C:\Program Files\JetBrains\IntelliJ IDEA 2023.2.4\bin;;C:\Users\Admin\AppData\Roaming\npm;C:\apache-maven-3.9.9\bin;
USERNAME=Admin
OS=Windows_NT
PROCESSOR_IDENTIFIER=Intel64 Family 6 Model 142 Stepping 12, GenuineIntel
TMP=C:\Users\Admin\AppData\Local\Temp
TEMP=C:\Users\Admin\AppData\Local\Temp



Periodic native trim disabled


---------------  S Y S T E M  ---------------

OS:
 Windows 10 , 64 bit Build 19041 (10.0.19041.4957)
OS uptime: 0 days 20:17 hours

CPU: total 8 (initial active 8) (4 cores per cpu, 2 threads per core) family 6 model 142 stepping 12 microcode 0xf8, cx8, cmov, fxsr, ht, mmx, 3dnowpref, sse, sse2, sse3, ssse3, sse4.1, sse4.2, popcnt, lzcnt, tsc, tscinvbit, avx, avx2, aes, erms, clmul, bmi1, bmi2, adx, fma, vzeroupper, clflush, clflushopt
Processor Information for processor 0
  Max Mhz: 2112, Current Mhz: 1408, Mhz Limit: 1605
Processor Information for processor 1
  Max Mhz: 2112, Current Mhz: 1609, Mhz Limit: 1605
Processor Information for processor 2
  Max Mhz: 2112, Current Mhz: 1609, Mhz Limit: 1605
Processor Information for processor 3
  Max Mhz: 2112, Current Mhz: 1408, Mhz Limit: 1605
Processor Information for processor 4
  Max Mhz: 2112, Current Mhz: 1408, Mhz Limit: 1605
Processor Information for processor 5
  Max Mhz: 2112, Current Mhz: 1408, Mhz Limit: 1605
Processor Information for processor 6
  Max Mhz: 2112, Current Mhz: 1609, Mhz Limit: 1605
Processor Information for processor 7
  Max Mhz: 2112, Current Mhz: 1609, Mhz Limit: 1605

Memory: 4k page, system-wide physical 7952M (313M free)
TotalPageFile size 16809M (AvailPageFile size 0M)
current process WorkingSet (physical memory assigned to process): 224M, peak: 224M
current process commit charge ("private bytes"): 261M, peak: 274M

vm_info: OpenJDK 64-Bit Server VM (17.0.9+8-LTS) for windows-amd64 JRE (17.0.9+8-LTS), built on Oct 12 2023 16:15:33 by "Administrator" with MS VC++ 16.10 / 16.11 (VS2019)

END.
