#
# There is insufficient memory for the Java Runtime Environment to continue.
# Native memory allocation (malloc) failed to allocate 155600 bytes for Chunk::new
# Possible reasons:
#   The system is out of physical RAM or swap space
#   The process is running with CompressedOops enabled, and the Java Heap may be blocking the growth of the native heap
# Possible solutions:
#   Reduce memory load on the system
#   Increase physical memory or swap space
#   Check if swap backing store is full
#   Decrease Java heap size (-Xmx/-Xms)
#   Decrease number of Java threads
#   Decrease Java thread stack sizes (-Xss)
#   Set larger code cache with -XX:ReservedCodeCacheSize=
#   JVM is running with Unscaled Compressed Oops mode in which the Java heap is
#     placed in the first 4GB address space. The Java Heap base address is the
#     maximum limit for the native heap growth. Please use -XX:HeapBaseMinAddress
#     to set the Java Heap base and to place the Java Heap above 4GB virtual address.
# This output file may be truncated or incomplete.
#
#  Out of Memory Error (arena.cpp:191), pid=6852, tid=10060
#
# JRE version: OpenJDK Runtime Environment Corretto-17.0.9.8.1 (17.0.9+8) (build 17.0.9+8-LTS)
# Java VM: OpenJDK 64-Bit Server VM Corretto-17.0.9.8.1 (17.0.9+8-LTS, mixed mode, sharing, tiered, compressed oops, compressed class ptrs, g1 gc, windows-amd64)
# No core dump will be written. Minidumps are not enabled by default on client versions of Windows
#

---------------  S U M M A R Y ------------

Command Line: -javaagent:C:\Program Files\JetBrains\IntelliJ IDEA Community Edition 2023.2.4\lib\idea_rt.jar=52806:C:\Program Files\JetBrains\IntelliJ IDEA Community Edition 2023.2.4\bin -Dfile.encoding=UTF-8 com.graduates.test.TestApplication

Host: Intel(R) Core(TM) i5-10210U CPU @ 1.60GHz, 8 cores, 7G,  Windows 10 , 64 bit Build 19041 (10.0.19041.5072)
Time: Mon Nov 25 22:55:20 2024 SE Asia Standard Time elapsed time: 206.243744 seconds (0d 0h 3m 26s)

---------------  T H R E A D  ---------------

Current thread (0x000002a19f3aec40):  JavaThread "C2 CompilerThread0" daemon [_thread_in_native, id=10060, stack(0x000000b7e9800000,0x000000b7e9900000)]


Current CompileTask:
C2: 206244 9442 %     4       java.util.AbstractCollection::containsAll @ 7 (38 bytes)

Stack: [0x000000b7e9800000,0x000000b7e9900000]
Native frames: (J=compiled Java code, j=interpreted, Vv=VM code, C=native code)
V  [jvm.dll+0x67cb49]
V  [jvm.dll+0x8344da]
V  [jvm.dll+0x835f9e]
V  [jvm.dll+0x836603]
V  [jvm.dll+0x247b5f]
V  [jvm.dll+0xac43c]
V  [jvm.dll+0xaca8c]
V  [jvm.dll+0x366c87]
V  [jvm.dll+0x1bd426]
V  [jvm.dll+0x21a359]
V  [jvm.dll+0x219621]
V  [jvm.dll+0x1a56cd]
V  [jvm.dll+0x2293ee]
V  [jvm.dll+0x2275bc]
V  [jvm.dll+0x7e95a7]
V  [jvm.dll+0x7e396a]
V  [jvm.dll+0x67ba35]
C  [ucrtbase.dll+0x21bb2]
C  [KERNEL32.DLL+0x17374]
C  [ntdll.dll+0x4cc91]


---------------  P R O C E S S  ---------------

Threads class SMR info:
_java_thread_list=0x000002a1e62cc9e0, length=32, elements={
0x000002a19f390f70, 0x000002a19f391df0, 0x000002a19f3a1b20, 0x000002a19f3a3600,
0x000002a19f3a5fd0, 0x000002a19f3a6990, 0x000002a19f3aec40, 0x000002a19f3b8b10,
0x000002a19f3bb520, 0x000002a19f5e2310, 0x000002a19f87ab70, 0x000002a19f871010,
0x000002a1e5b57b30, 0x000002a1e5b55cd0, 0x000002a1e8645130, 0x000002a1e8645640,
0x000002a1e8641470, 0x000002a1e8648df0, 0x000002a1e8643cf0, 0x000002a1e8645b50,
0x000002a1e8646060, 0x000002a1e86483d0, 0x000002a1e8646a80, 0x000002a1e8646f90,
0x000002a1e8646570, 0x000002a1e86474a0, 0x000002a1e86479b0, 0x000002a1e8641980,
0x000002a1e86488e0, 0x000002a1e86428b0, 0x000002a1e86423a0, 0x000002a1e86432d0
}

Java Threads: ( => current thread )
  0x000002a19f390f70 JavaThread "Reference Handler" daemon [_thread_blocked, id=8624, stack(0x000000b7e9200000,0x000000b7e9300000)]
  0x000002a19f391df0 JavaThread "Finalizer" daemon [_thread_blocked, id=2180, stack(0x000000b7e9300000,0x000000b7e9400000)]
  0x000002a19f3a1b20 JavaThread "Signal Dispatcher" daemon [_thread_blocked, id=19404, stack(0x000000b7e9400000,0x000000b7e9500000)]
  0x000002a19f3a3600 JavaThread "Attach Listener" daemon [_thread_blocked, id=19016, stack(0x000000b7e9500000,0x000000b7e9600000)]
  0x000002a19f3a5fd0 JavaThread "Service Thread" daemon [_thread_blocked, id=6480, stack(0x000000b7e9600000,0x000000b7e9700000)]
  0x000002a19f3a6990 JavaThread "Monitor Deflation Thread" daemon [_thread_blocked, id=17884, stack(0x000000b7e9700000,0x000000b7e9800000)]
=>0x000002a19f3aec40 JavaThread "C2 CompilerThread0" daemon [_thread_in_native, id=10060, stack(0x000000b7e9800000,0x000000b7e9900000)]
  0x000002a19f3b8b10 JavaThread "C1 CompilerThread0" daemon [_thread_blocked, id=17324, stack(0x000000b7e9900000,0x000000b7e9a00000)]
  0x000002a19f3bb520 JavaThread "Sweeper thread" daemon [_thread_blocked, id=19972, stack(0x000000b7e9a00000,0x000000b7e9b00000)]
  0x000002a19f5e2310 JavaThread "Common-Cleaner" daemon [_thread_blocked, id=17496, stack(0x000000b7e9b00000,0x000000b7e9c00000)]
  0x000002a19f87ab70 JavaThread "Monitor Ctrl-Break" daemon [_thread_in_native, id=1844, stack(0x000000b7e9d00000,0x000000b7e9e00000)]
  0x000002a19f871010 JavaThread "Notification Thread" daemon [_thread_blocked, id=9988, stack(0x000000b7e9e00000,0x000000b7e9f00000)]
  0x000002a1e5b57b30 JavaThread "mysql-cj-abandoned-connection-cleanup" daemon [_thread_blocked, id=11052, stack(0x000000b7eaa00000,0x000000b7eab00000)]
  0x000002a1e5b55cd0 JavaThread "HikariPool-1 housekeeper" daemon [_thread_blocked, id=4424, stack(0x000000b7eac00000,0x000000b7ead00000)]
  0x000002a1e8645130 JavaThread "Catalina-utility-1" [_thread_blocked, id=16664, stack(0x000000b7eae00000,0x000000b7eaf00000)]
  0x000002a1e8645640 JavaThread "Catalina-utility-2" [_thread_blocked, id=8464, stack(0x000000b7eaf00000,0x000000b7eb000000)]
  0x000002a1e8641470 JavaThread "container-0" [_thread_blocked, id=15504, stack(0x000000b7eb000000,0x000000b7eb100000)]
  0x000002a1e8648df0 JavaThread "File Watcher" daemon [_thread_blocked, id=19844, stack(0x000000b7ead00000,0x000000b7eae00000)]
  0x000002a1e8643cf0 JavaThread "Live Reload Server" daemon [_thread_in_native, id=6288, stack(0x000000b7eb200000,0x000000b7eb300000)]
  0x000002a1e8645b50 JavaThread "http-nio-8080-exec-1" daemon [_thread_blocked, id=18124, stack(0x000000b7eb100000,0x000000b7eb200000)]
  0x000002a1e8646060 JavaThread "http-nio-8080-exec-2" daemon [_thread_blocked, id=11312, stack(0x000000b7eb300000,0x000000b7eb400000)]
  0x000002a1e86483d0 JavaThread "http-nio-8080-exec-3" daemon [_thread_blocked, id=19784, stack(0x000000b7eb400000,0x000000b7eb500000)]
  0x000002a1e8646a80 JavaThread "http-nio-8080-exec-4" daemon [_thread_blocked, id=15976, stack(0x000000b7eb500000,0x000000b7eb600000)]
  0x000002a1e8646f90 JavaThread "http-nio-8080-exec-5" daemon [_thread_blocked, id=19092, stack(0x000000b7eb600000,0x000000b7eb700000)]
  0x000002a1e8646570 JavaThread "http-nio-8080-exec-6" daemon [_thread_blocked, id=2196, stack(0x000000b7eb700000,0x000000b7eb800000)]
  0x000002a1e86474a0 JavaThread "http-nio-8080-exec-7" daemon [_thread_blocked, id=11068, stack(0x000000b7eb800000,0x000000b7eb900000)]
  0x000002a1e86479b0 JavaThread "http-nio-8080-exec-8" daemon [_thread_blocked, id=17984, stack(0x000000b7eb900000,0x000000b7eba00000)]
  0x000002a1e8641980 JavaThread "http-nio-8080-exec-9" daemon [_thread_blocked, id=7044, stack(0x000000b7eba00000,0x000000b7ebb00000)]
  0x000002a1e86488e0 JavaThread "http-nio-8080-exec-10" daemon [_thread_blocked, id=7192, stack(0x000000b7ebb00000,0x000000b7ebc00000)]
  0x000002a1e86428b0 JavaThread "http-nio-8080-Poller" daemon [_thread_in_native, id=16468, stack(0x000000b7ebc00000,0x000000b7ebd00000)]
  0x000002a1e86423a0 JavaThread "http-nio-8080-Acceptor" daemon [_thread_in_native, id=1072, stack(0x000000b7ebd00000,0x000000b7ebe00000)]
  0x000002a1e86432d0 JavaThread "DestroyJavaVM" [_thread_blocked, id=6856, stack(0x000000b7e8b00000,0x000000b7e8c00000)]

Other Threads:
  0x000002a19f38c360 VMThread "VM Thread" [stack: 0x000000b7e9100000,0x000000b7e9200000] [id=20152]
  0x000002a1e50288c0 WatcherThread [stack: 0x000000b7e9f00000,0x000000b7ea000000] [id=19604]
  0x000002a1ffcc63c0 GCTaskThread "GC Thread#0" [stack: 0x000000b7e8c00000,0x000000b7e8d00000] [id=18716]
  0x000002a1e570c660 GCTaskThread "GC Thread#1" [stack: 0x000000b7ea200000,0x000000b7ea300000] [id=19088]
  0x000002a1e59c7f50 GCTaskThread "GC Thread#2" [stack: 0x000000b7ea300000,0x000000b7ea400000] [id=20128]
  0x000002a1e5991510 GCTaskThread "GC Thread#3" [stack: 0x000000b7ea400000,0x000000b7ea500000] [id=18464]
  0x000002a1e5904c30 GCTaskThread "GC Thread#4" [stack: 0x000000b7ea500000,0x000000b7ea600000] [id=1780]
  0x000002a1e59046b0 GCTaskThread "GC Thread#5" [stack: 0x000000b7ea600000,0x000000b7ea700000] [id=15028]
  0x000002a1e5904130 GCTaskThread "GC Thread#6" [stack: 0x000000b7ea800000,0x000000b7ea900000] [id=2712]
  0x000002a1e59038f0 GCTaskThread "GC Thread#7" [stack: 0x000000b7ea900000,0x000000b7eaa00000] [id=15432]
  0x000002a1ffcd6bd0 ConcurrentGCThread "G1 Main Marker" [stack: 0x000000b7e8d00000,0x000000b7e8e00000] [id=11428]
  0x000002a1ffcd7d90 ConcurrentGCThread "G1 Conc#0" [stack: 0x000000b7e8e00000,0x000000b7e8f00000] [id=19128]
  0x000002a1e5904970 ConcurrentGCThread "G1 Conc#1" [stack: 0x000000b7ea700000,0x000000b7ea800000] [id=15140]
  0x000002a1ffd1e4a0 ConcurrentGCThread "G1 Refine#0" [stack: 0x000000b7e8f00000,0x000000b7e9000000] [id=18628]
  0x000002a19f2424d0 ConcurrentGCThread "G1 Service" [stack: 0x000000b7e9000000,0x000000b7e9100000] [id=1900]

Threads with active compile tasks:
C2 CompilerThread0   206289 9442 %     4       java.util.AbstractCollection::containsAll @ 7 (38 bytes)

VM state: not at safepoint (normal execution)

VM Mutex/Monitor currently owned by a thread: None

Heap address: 0x0000000083a00000, size: 1990 MB, Compressed Oops mode: 32-bit

CDS archive(s) mapped at: [0x000002a1a0000000-0x000002a1a0ba0000-0x000002a1a0ba0000), size 12189696, SharedBaseAddress: 0x000002a1a0000000, ArchiveRelocationMode: 1.
Compressed class space mapped at: 0x000002a1a1000000-0x000002a1e1000000, reserved size: 1073741824
Narrow klass base: 0x000002a1a0000000, Narrow klass shift: 0, Narrow klass range: 0x100000000

GC Precious Log:
 CPUs: 8 total, 8 available
 Memory: 7952M
 Large Page Support: Disabled
 NUMA Support: Disabled
 Compressed Oops: Enabled (32-bit)
 Heap Region Size: 1M
 Heap Min Capacity: 8M
 Heap Initial Capacity: 126M
 Heap Max Capacity: 1990M
 Pre-touch: Disabled
 Parallel Workers: 8
 Concurrent Workers: 2
 Concurrent Refinement Workers: 8
 Periodic GC: Disabled

Heap:
 garbage-first heap   total 106496K, used 55861K [0x0000000083a00000, 0x0000000100000000)
  region size 1024K, 10 young (10240K), 3 survivors (3072K)
 Metaspace       used 79665K, committed 80384K, reserved 1179648K
  class space    used 10977K, committed 11328K, reserved 1048576K

Heap Regions: E=young(eden), S=young(survivor), O=old, HS=humongous(starts), HC=humongous(continues), CS=collection set, F=free, OA=open archive, CA=closed archive, TAMS=top-at-mark-start (previous, next)
|   0|0x0000000083a00000, 0x0000000083b00000, 0x0000000083b00000|100%|HS|  |TAMS 0x0000000083b00000, 0x0000000083a00000| Complete 
|   1|0x0000000083b00000, 0x0000000083c00000, 0x0000000083c00000|100%| O|  |TAMS 0x0000000083c00000, 0x0000000083b00000| Untracked 
|   2|0x0000000083c00000, 0x0000000083d00000, 0x0000000083d00000|100%| O|  |TAMS 0x0000000083d00000, 0x0000000083c00000| Untracked 
|   3|0x0000000083d00000, 0x0000000083e00000, 0x0000000083e00000|100%| O|  |TAMS 0x0000000083e00000, 0x0000000083d00000| Untracked 
|   4|0x0000000083e00000, 0x0000000083f00000, 0x0000000083f00000|100%| O|  |TAMS 0x0000000083f00000, 0x0000000083e00000| Untracked 
|   5|0x0000000083f00000, 0x0000000084000000, 0x0000000084000000|100%| O|  |TAMS 0x0000000084000000, 0x0000000083f00000| Untracked 
|   6|0x0000000084000000, 0x0000000084100000, 0x0000000084100000|100%| O|  |TAMS 0x0000000084100000, 0x0000000084000000| Untracked 
|   7|0x0000000084100000, 0x0000000084200000, 0x0000000084200000|100%| O|  |TAMS 0x0000000084100000, 0x0000000084100000| Untracked 
|   8|0x0000000084200000, 0x0000000084300000, 0x0000000084300000|100%| O|  |TAMS 0x0000000084300000, 0x0000000084200000| Untracked 
|   9|0x0000000084300000, 0x0000000084400000, 0x0000000084400000|100%| O|  |TAMS 0x0000000084400000, 0x0000000084300000| Untracked 
|  10|0x0000000084400000, 0x0000000084500000, 0x0000000084500000|100%| O|  |TAMS 0x0000000084500000, 0x0000000084400000| Untracked 
|  11|0x0000000084500000, 0x0000000084600000, 0x0000000084600000|100%| O|  |TAMS 0x0000000084600000, 0x0000000084500000| Untracked 
|  12|0x0000000084600000, 0x0000000084700000, 0x0000000084700000|100%| O|  |TAMS 0x0000000084700000, 0x0000000084600000| Untracked 
|  13|0x0000000084700000, 0x0000000084800000, 0x0000000084800000|100%| O|  |TAMS 0x0000000084800000, 0x0000000084700000| Untracked 
|  14|0x0000000084800000, 0x0000000084900000, 0x0000000084900000|100%| O|  |TAMS 0x0000000084900000, 0x0000000084800000| Untracked 
|  15|0x0000000084900000, 0x0000000084a00000, 0x0000000084a00000|100%| O|  |TAMS 0x0000000084a00000, 0x0000000084900000| Untracked 
|  16|0x0000000084a00000, 0x0000000084b00000, 0x0000000084b00000|100%| O|  |TAMS 0x0000000084b00000, 0x0000000084a00000| Untracked 
|  17|0x0000000084b00000, 0x0000000084c00000, 0x0000000084c00000|100%| O|  |TAMS 0x0000000084c00000, 0x0000000084b00000| Untracked 
|  18|0x0000000084c00000, 0x0000000084d00000, 0x0000000084d00000|100%| O|  |TAMS 0x0000000084d00000, 0x0000000084c00000| Untracked 
|  19|0x0000000084d00000, 0x0000000084e00000, 0x0000000084e00000|100%| O|  |TAMS 0x0000000084e00000, 0x0000000084d00000| Untracked 
|  20|0x0000000084e00000, 0x0000000084f00000, 0x0000000084f00000|100%| O|  |TAMS 0x0000000084f00000, 0x0000000084e00000| Untracked 
|  21|0x0000000084f00000, 0x0000000085000000, 0x0000000085000000|100%| O|  |TAMS 0x0000000085000000, 0x0000000084f00000| Untracked 
|  22|0x0000000085000000, 0x0000000085100000, 0x0000000085100000|100%| O|  |TAMS 0x0000000085100000, 0x0000000085000000| Untracked 
|  23|0x0000000085100000, 0x0000000085200000, 0x0000000085200000|100%| O|  |TAMS 0x0000000085200000, 0x0000000085100000| Untracked 
|  24|0x0000000085200000, 0x0000000085300000, 0x0000000085300000|100%| O|  |TAMS 0x0000000085300000, 0x0000000085200000| Untracked 
|  25|0x0000000085300000, 0x0000000085400000, 0x0000000085400000|100%| O|  |TAMS 0x0000000085400000, 0x0000000085300000| Untracked 
|  26|0x0000000085400000, 0x0000000085500000, 0x0000000085500000|100%| O|  |TAMS 0x0000000085500000, 0x0000000085400000| Untracked 
|  27|0x0000000085500000, 0x0000000085600000, 0x0000000085600000|100%| O|  |TAMS 0x0000000085600000, 0x0000000085500000| Untracked 
|  28|0x0000000085600000, 0x0000000085700000, 0x0000000085700000|100%| O|  |TAMS 0x0000000085700000, 0x0000000085600000| Untracked 
|  29|0x0000000085700000, 0x0000000085800000, 0x0000000085800000|100%| O|  |TAMS 0x0000000085800000, 0x0000000085700000| Untracked 
|  30|0x0000000085800000, 0x0000000085900000, 0x0000000085900000|100%| O|  |TAMS 0x0000000085900000, 0x0000000085800000| Untracked 
|  31|0x0000000085900000, 0x0000000085a00000, 0x0000000085a00000|100%| O|  |TAMS 0x0000000085a00000, 0x0000000085900000| Untracked 
|  32|0x0000000085a00000, 0x0000000085b00000, 0x0000000085b00000|100%| O|  |TAMS 0x0000000085b00000, 0x0000000085a00000| Untracked 
|  33|0x0000000085b00000, 0x0000000085c00000, 0x0000000085c00000|100%| O|  |TAMS 0x0000000085c00000, 0x0000000085b00000| Untracked 
|  34|0x0000000085c00000, 0x0000000085d00000, 0x0000000085d00000|100%| O|  |TAMS 0x0000000085d00000, 0x0000000085c00000| Untracked 
|  35|0x0000000085d00000, 0x0000000085e00000, 0x0000000085e00000|100%| O|  |TAMS 0x0000000085df7a00, 0x0000000085d00000| Untracked 
|  36|0x0000000085e00000, 0x0000000085f00000, 0x0000000085f00000|100%| O|  |TAMS 0x0000000085e00000, 0x0000000085e00000| Untracked 
|  37|0x0000000085f00000, 0x0000000086000000, 0x0000000086000000|100%| O|  |TAMS 0x0000000085f00000, 0x0000000085f00000| Untracked 
|  38|0x0000000086000000, 0x0000000086100000, 0x0000000086100000|100%| O|  |TAMS 0x0000000086000000, 0x0000000086000000| Untracked 
|  39|0x0000000086100000, 0x0000000086200000, 0x0000000086200000|100%| O|  |TAMS 0x0000000086100000, 0x0000000086100000| Untracked 
|  40|0x0000000086200000, 0x0000000086300000, 0x0000000086300000|100%| O|  |TAMS 0x0000000086200000, 0x0000000086200000| Untracked 
|  41|0x0000000086300000, 0x0000000086400000, 0x0000000086400000|100%| O|  |TAMS 0x0000000086300000, 0x0000000086300000| Untracked 
|  42|0x0000000086400000, 0x0000000086500000, 0x0000000086500000|100%| O|  |TAMS 0x0000000086400000, 0x0000000086400000| Untracked 
|  43|0x0000000086500000, 0x0000000086600000, 0x0000000086600000|100%| O|  |TAMS 0x0000000086500000, 0x0000000086500000| Untracked 
|  44|0x0000000086600000, 0x0000000086700000, 0x0000000086700000|100%| O|  |TAMS 0x0000000086600000, 0x0000000086600000| Untracked 
|  45|0x0000000086700000, 0x0000000086800000, 0x0000000086800000|100%| O|  |TAMS 0x0000000086700000, 0x0000000086700000| Untracked 
|  46|0x0000000086800000, 0x000000008683f000, 0x0000000086900000| 24%| O|  |TAMS 0x0000000086800000, 0x0000000086800000| Untracked 
|  47|0x0000000086900000, 0x0000000086900000, 0x0000000086a00000|  0%| F|  |TAMS 0x0000000086900000, 0x0000000086900000| Untracked 
|  48|0x0000000086a00000, 0x0000000086a00000, 0x0000000086b00000|  0%| F|  |TAMS 0x0000000086a00000, 0x0000000086a00000| Untracked 
|  49|0x0000000086b00000, 0x0000000086b00000, 0x0000000086c00000|  0%| F|  |TAMS 0x0000000086b00000, 0x0000000086b00000| Untracked 
|  50|0x0000000086c00000, 0x0000000086c00000, 0x0000000086d00000|  0%| F|  |TAMS 0x0000000086c00000, 0x0000000086c00000| Untracked 
|  51|0x0000000086d00000, 0x0000000086d00000, 0x0000000086e00000|  0%| F|  |TAMS 0x0000000086d00000, 0x0000000086d00000| Untracked 
|  52|0x0000000086e00000, 0x0000000086e00000, 0x0000000086f00000|  0%| F|  |TAMS 0x0000000086e00000, 0x0000000086e00000| Untracked 
|  53|0x0000000086f00000, 0x0000000086f00000, 0x0000000087000000|  0%| F|  |TAMS 0x0000000086f00000, 0x0000000086f00000| Untracked 
|  54|0x0000000087000000, 0x0000000087000000, 0x0000000087100000|  0%| F|  |TAMS 0x0000000087000000, 0x0000000087000000| Untracked 
|  55|0x0000000087100000, 0x0000000087100000, 0x0000000087200000|  0%| F|  |TAMS 0x0000000087100000, 0x0000000087100000| Untracked 
|  56|0x0000000087200000, 0x0000000087200000, 0x0000000087300000|  0%| F|  |TAMS 0x0000000087200000, 0x0000000087200000| Untracked 
|  57|0x0000000087300000, 0x0000000087300000, 0x0000000087400000|  0%| F|  |TAMS 0x0000000087300000, 0x0000000087300000| Untracked 
|  58|0x0000000087400000, 0x0000000087400000, 0x0000000087500000|  0%| F|  |TAMS 0x0000000087400000, 0x0000000087400000| Untracked 
|  59|0x0000000087500000, 0x0000000087500000, 0x0000000087600000|  0%| F|  |TAMS 0x0000000087500000, 0x0000000087500000| Untracked 
|  60|0x0000000087600000, 0x0000000087600000, 0x0000000087700000|  0%| F|  |TAMS 0x0000000087600000, 0x0000000087600000| Untracked 
|  61|0x0000000087700000, 0x0000000087700000, 0x0000000087800000|  0%| F|  |TAMS 0x0000000087700000, 0x0000000087700000| Untracked 
|  62|0x0000000087800000, 0x0000000087800000, 0x0000000087900000|  0%| F|  |TAMS 0x0000000087800000, 0x0000000087800000| Untracked 
|  63|0x0000000087900000, 0x0000000087900000, 0x0000000087a00000|  0%| F|  |TAMS 0x0000000087900000, 0x0000000087900000| Untracked 
|  64|0x0000000087a00000, 0x0000000087a00000, 0x0000000087b00000|  0%| F|  |TAMS 0x0000000087a00000, 0x0000000087a00000| Untracked 
|  65|0x0000000087b00000, 0x0000000087b4e5d0, 0x0000000087c00000| 30%| S|CS|TAMS 0x0000000087b00000, 0x0000000087b00000| Complete 
|  66|0x0000000087c00000, 0x0000000087d00000, 0x0000000087d00000|100%| S|CS|TAMS 0x0000000087c00000, 0x0000000087c00000| Complete 
|  67|0x0000000087d00000, 0x0000000087d00000, 0x0000000087e00000|  0%| F|  |TAMS 0x0000000087d00000, 0x0000000087d00000| Untracked 
|  68|0x0000000087e00000, 0x0000000087f00000, 0x0000000087f00000|100%| S|CS|TAMS 0x0000000087e00000, 0x0000000087e00000| Complete 
|  69|0x0000000087f00000, 0x0000000087f00000, 0x0000000088000000|  0%| F|  |TAMS 0x0000000087f00000, 0x0000000087f00000| Untracked 
|  70|0x0000000088000000, 0x0000000088000000, 0x0000000088100000|  0%| F|  |TAMS 0x0000000088000000, 0x0000000088000000| Untracked 
|  71|0x0000000088100000, 0x0000000088100000, 0x0000000088200000|  0%| F|  |TAMS 0x0000000088100000, 0x0000000088100000| Untracked 
|  72|0x0000000088200000, 0x0000000088200000, 0x0000000088300000|  0%| F|  |TAMS 0x0000000088200000, 0x0000000088200000| Untracked 
|  73|0x0000000088300000, 0x0000000088300000, 0x0000000088400000|  0%| F|  |TAMS 0x0000000088300000, 0x0000000088300000| Untracked 
|  74|0x0000000088400000, 0x0000000088400000, 0x0000000088500000|  0%| F|  |TAMS 0x0000000088400000, 0x0000000088400000| Untracked 
|  75|0x0000000088500000, 0x0000000088500000, 0x0000000088600000|  0%| F|  |TAMS 0x0000000088500000, 0x0000000088500000| Untracked 
|  76|0x0000000088600000, 0x0000000088600000, 0x0000000088700000|  0%| F|  |TAMS 0x0000000088600000, 0x0000000088600000| Untracked 
|  77|0x0000000088700000, 0x0000000088700000, 0x0000000088800000|  0%| F|  |TAMS 0x0000000088700000, 0x0000000088700000| Untracked 
|  78|0x0000000088800000, 0x0000000088800000, 0x0000000088900000|  0%| F|  |TAMS 0x0000000088800000, 0x0000000088800000| Untracked 
|  79|0x0000000088900000, 0x0000000088900000, 0x0000000088a00000|  0%| F|  |TAMS 0x0000000088900000, 0x0000000088900000| Untracked 
|  80|0x0000000088a00000, 0x0000000088a00000, 0x0000000088b00000|  0%| F|  |TAMS 0x0000000088a00000, 0x0000000088a00000| Untracked 
|  81|0x0000000088b00000, 0x0000000088b00000, 0x0000000088c00000|  0%| F|  |TAMS 0x0000000088b00000, 0x0000000088b00000| Untracked 
|  82|0x0000000088c00000, 0x0000000088c00000, 0x0000000088d00000|  0%| F|  |TAMS 0x0000000088c00000, 0x0000000088c00000| Untracked 
|  83|0x0000000088d00000, 0x0000000088d00000, 0x0000000088e00000|  0%| F|  |TAMS 0x0000000088d00000, 0x0000000088d00000| Untracked 
|  84|0x0000000088e00000, 0x0000000088e00000, 0x0000000088f00000|  0%| F|  |TAMS 0x0000000088e00000, 0x0000000088e00000| Untracked 
|  85|0x0000000088f00000, 0x0000000088f00000, 0x0000000089000000|  0%| F|  |TAMS 0x0000000088f00000, 0x0000000088f00000| Untracked 
|  86|0x0000000089000000, 0x0000000089000000, 0x0000000089100000|  0%| F|  |TAMS 0x0000000089000000, 0x0000000089000000| Untracked 
|  87|0x0000000089100000, 0x0000000089100000, 0x0000000089200000|  0%| F|  |TAMS 0x0000000089100000, 0x0000000089100000| Untracked 
|  88|0x0000000089200000, 0x0000000089200000, 0x0000000089300000|  0%| F|  |TAMS 0x0000000089200000, 0x0000000089200000| Untracked 
|  89|0x0000000089300000, 0x0000000089300000, 0x0000000089400000|  0%| F|  |TAMS 0x0000000089300000, 0x0000000089300000| Untracked 
|  90|0x0000000089400000, 0x0000000089400000, 0x0000000089500000|  0%| F|  |TAMS 0x0000000089400000, 0x0000000089400000| Untracked 
|  91|0x0000000089500000, 0x0000000089500000, 0x0000000089600000|  0%| F|  |TAMS 0x0000000089500000, 0x0000000089500000| Untracked 
|  92|0x0000000089600000, 0x0000000089600000, 0x0000000089700000|  0%| F|  |TAMS 0x0000000089600000, 0x0000000089600000| Untracked 
|  93|0x0000000089700000, 0x0000000089700000, 0x0000000089800000|  0%| F|  |TAMS 0x0000000089700000, 0x0000000089700000| Untracked 
|  94|0x0000000089800000, 0x0000000089800000, 0x0000000089900000|  0%| F|  |TAMS 0x0000000089800000, 0x0000000089800000| Untracked 
|  95|0x0000000089900000, 0x0000000089900000, 0x0000000089a00000|  0%| F|  |TAMS 0x0000000089900000, 0x0000000089900000| Untracked 
|  96|0x0000000089a00000, 0x0000000089a00000, 0x0000000089b00000|  0%| F|  |TAMS 0x0000000089a00000, 0x0000000089a00000| Untracked 
|  97|0x0000000089b00000, 0x0000000089b4d948, 0x0000000089c00000| 30%| E|  |TAMS 0x0000000089b00000, 0x0000000089b00000| Complete 
|  98|0x0000000089c00000, 0x0000000089d00000, 0x0000000089d00000|100%| E|CS|TAMS 0x0000000089c00000, 0x0000000089c00000| Complete 
|  99|0x0000000089d00000, 0x0000000089e00000, 0x0000000089e00000|100%| E|CS|TAMS 0x0000000089d00000, 0x0000000089d00000| Complete 
| 100|0x0000000089e00000, 0x0000000089f00000, 0x0000000089f00000|100%| E|CS|TAMS 0x0000000089e00000, 0x0000000089e00000| Complete 
| 101|0x0000000089f00000, 0x000000008a000000, 0x000000008a000000|100%| E|CS|TAMS 0x0000000089f00000, 0x0000000089f00000| Complete 
| 102|0x000000008a000000, 0x000000008a100000, 0x000000008a100000|100%| E|CS|TAMS 0x000000008a000000, 0x000000008a000000| Complete 
| 125|0x000000008b700000, 0x000000008b800000, 0x000000008b800000|100%| E|CS|TAMS 0x000000008b700000, 0x000000008b700000| Complete 

Card table byte_map: [0x000002a198360000,0x000002a198750000] _byte_map_base: 0x000002a197f43000

Marking Bits (Prev, Next): (CMBitMap*) 0x000002a1ffcc6a20, (CMBitMap*) 0x000002a1ffcc69e0
 Prev Bits: [0x000002a19aa60000, 0x000002a19c978000)
 Next Bits: [0x000002a198b40000, 0x000002a19aa58000)

Polling page: 0x000002a1ff420000

Metaspace:

Usage:
  Non-class:     67.08 MB used.
      Class:     10.72 MB used.
       Both:     77.80 MB used.

Virtual space:
  Non-class space:      128.00 MB reserved,      67.44 MB ( 53%) committed,  2 nodes.
      Class space:        1.00 GB reserved,      11.06 MB (  1%) committed,  1 nodes.
             Both:        1.12 GB reserved,      78.50 MB (  7%) committed. 

Chunk freelists:
   Non-Class:  12.47 MB
       Class:  4.92 MB
        Both:  17.39 MB

MaxMetaspaceSize: unlimited
CompressedClassSpaceSize: 1.00 GB
Initial GC threshold: 21.00 MB
Current GC threshold: 120.62 MB
CDS: on
MetaspaceReclaimPolicy: balanced
 - commit_granule_bytes: 65536.
 - commit_granule_words: 8192.
 - virtual_space_node_default_size: 8388608.
 - enlarge_chunks_in_place: 1.
 - new_chunks_are_fully_committed: 0.
 - uncommit_free_chunks: 1.
 - use_allocation_guard: 0.
 - handle_deallocations: 1.


Internal statistics:

num_allocs_failed_limit: 9.
num_arena_births: 890.
num_arena_deaths: 0.
num_vsnodes_births: 3.
num_vsnodes_deaths: 0.
num_space_committed: 1256.
num_space_uncommitted: 0.
num_chunks_returned_to_freelist: 9.
num_chunks_taken_from_freelist: 3844.
num_chunk_merges: 9.
num_chunk_splits: 2709.
num_chunks_enlarged: 2066.
num_inconsistent_stats: 0.

CodeHeap 'non-profiled nmethods': size=120000Kb used=5213Kb max_used=5213Kb free=114786Kb
 bounds [0x000002a190930000, 0x000002a190e50000, 0x000002a197e60000]
CodeHeap 'profiled nmethods': size=120000Kb used=16632Kb max_used=16632Kb free=103367Kb
 bounds [0x000002a188e60000, 0x000002a189ea0000, 0x000002a190390000]
CodeHeap 'non-nmethods': size=5760Kb used=1377Kb max_used=1464Kb free=4382Kb
 bounds [0x000002a190390000, 0x000002a190600000, 0x000002a190930000]
 total_blobs=9291 nmethods=8580 adapters=622
 compilation: enabled
              stopped_count=0, restarted_count=0
 full_count=0

Compilation events (20 events):
Event: 181.231 Thread 0x000002a19f3b8b10 nmethod 9432 0x000002a189e99490 code [0x000002a189e99620, 0x000002a189e99798]
Event: 183.241 Thread 0x000002a19f3b8b10 9433       3       java.util.concurrent.locks.AbstractQueuedSynchronizer$ConditionObject::doSignal (54 bytes)
Event: 183.241 Thread 0x000002a19f3b8b10 nmethod 9433 0x000002a189e99810 code [0x000002a189e999e0, 0x000002a189e99d98]
Event: 191.244 Thread 0x000002a19f3aec40 9434       4       jdk.internal.misc.Unsafe::putReferenceOpaque (9 bytes)
Event: 191.245 Thread 0x000002a19f3aec40 nmethod 9434 0x000002a190e47310 code [0x000002a190e47480, 0x000002a190e475d8]
Event: 198.243 Thread 0x000002a19f3b8b10 9435       3       java.util.concurrent.locks.ReentrantLock::lockInterruptibly (8 bytes)
Event: 198.244 Thread 0x000002a19f3b8b10 nmethod 9435 0x000002a189e99f10 code [0x000002a189e9a100, 0x000002a189e9a5b8]
Event: 198.244 Thread 0x000002a19f3b8b10 9436       3       java.util.concurrent.locks.ReentrantLock$Sync::lockInterruptibly (27 bytes)
Event: 198.244 Thread 0x000002a19f3b8b10 nmethod 9436 0x000002a189e9a790 code [0x000002a189e9a980, 0x000002a189e9add8]
Event: 203.242 Thread 0x000002a19f3b8b10 9437       3       java.util.concurrent.ScheduledThreadPoolExecutor$DelayedWorkQueue::add (9 bytes)
Event: 203.242 Thread 0x000002a19f3b8b10 nmethod 9437 0x000002a189e9af90 code [0x000002a189e9b140, 0x000002a189e9b408]
Event: 203.242 Thread 0x000002a19f3b8b10 9438       3       java.util.concurrent.ScheduledThreadPoolExecutor$DelayedWorkQueue::add (6 bytes)
Event: 203.242 Thread 0x000002a19f3b8b10 nmethod 9438 0x000002a189e9b510 code [0x000002a189e9b6c0, 0x000002a189e9b808]
Event: 203.242 Thread 0x000002a19f3b8b10 9439   !   3       java.util.concurrent.ScheduledThreadPoolExecutor$DelayedWorkQueue::offer (123 bytes)
Event: 203.243 Thread 0x000002a19f3b8b10 nmethod 9439 0x000002a189e9b890 code [0x000002a189e9bb80, 0x000002a189e9d018]
Event: 205.264 Thread 0x000002a19f3b8b10 9440       3       java.util.concurrent.ThreadPoolExecutor$Worker::unlock (7 bytes)
Event: 205.264 Thread 0x000002a19f3b8b10 nmethod 9440 0x000002a189e9d890 code [0x000002a189e9da40, 0x000002a189e9dca8]
Event: 205.265 Thread 0x000002a19f3b8b10 9441       3       java.util.concurrent.ThreadPoolExecutor$Worker::tryRelease (12 bytes)
Event: 205.265 Thread 0x000002a19f3b8b10 nmethod 9441 0x000002a189e9dd90 code [0x000002a189e9df20, 0x000002a189e9e098]
Event: 206.218 Thread 0x000002a19f3aec40 9442 %     4       java.util.AbstractCollection::containsAll @ 7 (38 bytes)

GC Heap History (20 events):
Event: 15.739 GC heap before
{Heap before GC invocations=23 (full 0):
 garbage-first heap   total 55296K, used 42710K [0x0000000083a00000, 0x0000000100000000)
  region size 1024K, 15 young (15360K), 3 survivors (3072K)
 Metaspace       used 69240K, committed 69824K, reserved 1114112K
  class space    used 9448K, committed 9728K, reserved 1048576K
}
Event: 15.745 GC heap after
{Heap after GC invocations=24 (full 0):
 garbage-first heap   total 55296K, used 32940K [0x0000000083a00000, 0x0000000100000000)
  region size 1024K, 2 young (2048K), 2 survivors (2048K)
 Metaspace       used 69240K, committed 69824K, reserved 1114112K
  class space    used 9448K, committed 9728K, reserved 1048576K
}
Event: 15.997 GC heap before
{Heap before GC invocations=25 (full 0):
 garbage-first heap   total 65536K, used 43180K [0x0000000083a00000, 0x0000000100000000)
  region size 1024K, 13 young (13312K), 2 survivors (2048K)
 Metaspace       used 70242K, committed 70848K, reserved 1114112K
  class space    used 9629K, committed 9920K, reserved 1048576K
}
Event: 16.000 GC heap after
{Heap after GC invocations=26 (full 0):
 garbage-first heap   total 65536K, used 33775K [0x0000000083a00000, 0x0000000100000000)
  region size 1024K, 1 young (1024K), 1 survivors (1024K)
 Metaspace       used 70242K, committed 70848K, reserved 1114112K
  class space    used 9629K, committed 9920K, reserved 1048576K
}
Event: 16.205 GC heap before
{Heap before GC invocations=26 (full 0):
 garbage-first heap   total 65536K, used 52207K [0x0000000083a00000, 0x0000000100000000)
  region size 1024K, 19 young (19456K), 1 survivors (1024K)
 Metaspace       used 70889K, committed 71488K, reserved 1114112K
  class space    used 9800K, committed 10112K, reserved 1048576K
}
Event: 16.209 GC heap after
{Heap after GC invocations=27 (full 0):
 garbage-first heap   total 65536K, used 36002K [0x0000000083a00000, 0x0000000100000000)
  region size 1024K, 3 young (3072K), 3 survivors (3072K)
 Metaspace       used 70889K, committed 71488K, reserved 1114112K
  class space    used 9800K, committed 10112K, reserved 1048576K
}
Event: 16.374 GC heap before
{Heap before GC invocations=28 (full 0):
 garbage-first heap   total 78848K, used 51362K [0x0000000083a00000, 0x0000000100000000)
  region size 1024K, 19 young (19456K), 3 survivors (3072K)
 Metaspace       used 71410K, committed 72000K, reserved 1114112K
  class space    used 9839K, committed 10112K, reserved 1048576K
}
Event: 16.381 GC heap after
{Heap after GC invocations=29 (full 0):
 garbage-first heap   total 78848K, used 38666K [0x0000000083a00000, 0x0000000100000000)
  region size 1024K, 3 young (3072K), 3 survivors (3072K)
 Metaspace       used 71410K, committed 72000K, reserved 1114112K
  class space    used 9839K, committed 10112K, reserved 1048576K
}
Event: 16.901 GC heap before
{Heap before GC invocations=29 (full 0):
 garbage-first heap   total 78848K, used 60170K [0x0000000083a00000, 0x0000000100000000)
  region size 1024K, 24 young (24576K), 3 survivors (3072K)
 Metaspace       used 73451K, committed 74048K, reserved 1114112K
  class space    used 10156K, committed 10432K, reserved 1048576K
}
Event: 16.906 GC heap after
{Heap after GC invocations=30 (full 0):
 garbage-first heap   total 78848K, used 40637K [0x0000000083a00000, 0x0000000100000000)
  region size 1024K, 2 young (2048K), 2 survivors (2048K)
 Metaspace       used 73451K, committed 74048K, reserved 1114112K
  class space    used 10156K, committed 10432K, reserved 1048576K
}
Event: 17.146 GC heap before
{Heap before GC invocations=31 (full 0):
 garbage-first heap   total 78848K, used 61117K [0x0000000083a00000, 0x0000000100000000)
  region size 1024K, 22 young (22528K), 2 survivors (2048K)
 Metaspace       used 73663K, committed 74240K, reserved 1114112K
  class space    used 10173K, committed 10432K, reserved 1048576K
}
Event: 17.150 GC heap after
{Heap after GC invocations=32 (full 0):
 garbage-first heap   total 78848K, used 42204K [0x0000000083a00000, 0x0000000100000000)
  region size 1024K, 2 young (2048K), 2 survivors (2048K)
 Metaspace       used 73663K, committed 74240K, reserved 1114112K
  class space    used 10173K, committed 10432K, reserved 1048576K
}
Event: 17.153 GC heap before
{Heap before GC invocations=32 (full 0):
 garbage-first heap   total 78848K, used 43228K [0x0000000083a00000, 0x0000000100000000)
  region size 1024K, 3 young (3072K), 2 survivors (2048K)
 Metaspace       used 73663K, committed 74240K, reserved 1114112K
  class space    used 10173K, committed 10432K, reserved 1048576K
}
Event: 17.156 GC heap after
{Heap after GC invocations=33 (full 0):
 garbage-first heap   total 106496K, used 42619K [0x0000000083a00000, 0x0000000100000000)
  region size 1024K, 1 young (1024K), 1 survivors (1024K)
 Metaspace       used 73663K, committed 74240K, reserved 1114112K
  class space    used 10173K, committed 10432K, reserved 1048576K
}
Event: 17.437 GC heap before
{Heap before GC invocations=33 (full 0):
 garbage-first heap   total 106496K, used 79483K [0x0000000083a00000, 0x0000000100000000)
  region size 1024K, 37 young (37888K), 1 survivors (1024K)
 Metaspace       used 73963K, committed 74560K, reserved 1114112K
  class space    used 10206K, committed 10496K, reserved 1048576K
}
Event: 17.440 GC heap after
{Heap after GC invocations=34 (full 0):
 garbage-first heap   total 106496K, used 44157K [0x0000000083a00000, 0x0000000100000000)
  region size 1024K, 3 young (3072K), 3 survivors (3072K)
 Metaspace       used 73963K, committed 74560K, reserved 1114112K
  class space    used 10206K, committed 10496K, reserved 1048576K
}
Event: 18.628 GC heap before
{Heap before GC invocations=34 (full 0):
 garbage-first heap   total 106496K, used 81021K [0x0000000083a00000, 0x0000000100000000)
  region size 1024K, 39 young (39936K), 3 survivors (3072K)
 Metaspace       used 77362K, committed 78016K, reserved 1179648K
  class space    used 10653K, committed 10944K, reserved 1048576K
}
Event: 18.636 GC heap after
{Heap after GC invocations=35 (full 0):
 garbage-first heap   total 106496K, used 47438K [0x0000000083a00000, 0x0000000100000000)
  region size 1024K, 5 young (5120K), 5 survivors (5120K)
 Metaspace       used 77362K, committed 78016K, reserved 1179648K
  class space    used 10653K, committed 10944K, reserved 1048576K
}
Event: 151.707 GC heap before
{Heap before GC invocations=35 (full 0):
 garbage-first heap   total 106496K, used 83278K [0x0000000083a00000, 0x0000000100000000)
  region size 1024K, 40 young (40960K), 5 survivors (5120K)
 Metaspace       used 79659K, committed 80320K, reserved 1179648K
  class space    used 10977K, committed 11328K, reserved 1048576K
}
Event: 151.713 GC heap after
{Heap after GC invocations=36 (full 0):
 garbage-first heap   total 106496K, used 49717K [0x0000000083a00000, 0x0000000100000000)
  region size 1024K, 3 young (3072K), 3 survivors (3072K)
 Metaspace       used 79659K, committed 80320K, reserved 1179648K
  class space    used 10977K, committed 11328K, reserved 1048576K
}

Dll operation events (13 events):
Event: 0.018 Loaded shared library C:\Users\Admin\.jdks\corretto-17.0.9\bin\java.dll
Event: 0.055 Loaded shared library C:\Users\Admin\.jdks\corretto-17.0.9\bin\jsvml.dll
Event: 0.196 Loaded shared library C:\Users\Admin\.jdks\corretto-17.0.9\bin\zip.dll
Event: 0.200 Loaded shared library C:\Users\Admin\.jdks\corretto-17.0.9\bin\instrument.dll
Event: 0.210 Loaded shared library C:\Users\Admin\.jdks\corretto-17.0.9\bin\net.dll
Event: 0.213 Loaded shared library C:\Users\Admin\.jdks\corretto-17.0.9\bin\nio.dll
Event: 0.217 Loaded shared library C:\Users\Admin\.jdks\corretto-17.0.9\bin\zip.dll
Event: 0.362 Loaded shared library C:\Program Files\JetBrains\IntelliJ IDEA Community Edition 2023.2.4\bin\breakgen64.dll
Event: 0.448 Loaded shared library C:\Users\Admin\.jdks\corretto-17.0.9\bin\jimage.dll
Event: 0.982 Loaded shared library C:\Users\Admin\.jdks\corretto-17.0.9\bin\management.dll
Event: 0.985 Loaded shared library C:\Users\Admin\.jdks\corretto-17.0.9\bin\management_ext.dll
Event: 4.067 Loaded shared library C:\Users\Admin\.jdks\corretto-17.0.9\bin\sunmscapi.dll
Event: 9.714 Loaded shared library C:\Users\Admin\.jdks\corretto-17.0.9\bin\verify.dll

Deoptimization events (20 events):
Event: 18.971 Thread 0x000002a1e570f700 Uncommon trap: trap_request=0xffffffde fr.pc=0x000002a1909b7c00 relative=0x0000000000000140
Event: 18.971 Thread 0x000002a1e570f700 Uncommon trap: reason=class_check action=maybe_recompile pc=0x000002a1909b7c00 method=org.springframework.boot.context.properties.source.ConfigurationPropertyName$Elements.charAt(II)C @ 43 c2
Event: 18.971 Thread 0x000002a1e570f700 DEOPT PACKING pc=0x000002a1909b7c00 sp=0x000000b7ea1fb0f0
Event: 18.972 Thread 0x000002a1e570f700 DEOPT UNPACKING pc=0x000002a1903e69a3 sp=0x000000b7ea1fb068 mode 2
Event: 18.972 Thread 0x000002a1e570f700 Uncommon trap: trap_request=0xffffffde fr.pc=0x000002a1909b7c00 relative=0x0000000000000140
Event: 18.972 Thread 0x000002a1e570f700 Uncommon trap: reason=class_check action=maybe_recompile pc=0x000002a1909b7c00 method=org.springframework.boot.context.properties.source.ConfigurationPropertyName$Elements.charAt(II)C @ 43 c2
Event: 18.972 Thread 0x000002a1e570f700 DEOPT PACKING pc=0x000002a1909b7c00 sp=0x000000b7ea1fb0f0
Event: 18.972 Thread 0x000002a1e570f700 DEOPT UNPACKING pc=0x000002a1903e69a3 sp=0x000000b7ea1fb068 mode 2
Event: 19.088 Thread 0x000002a1e570f700 Uncommon trap: trap_request=0xffffffc6 fr.pc=0x000002a1909e457c relative=0x00000000000002bc
Event: 19.088 Thread 0x000002a1e570f700 Uncommon trap: reason=bimorphic_or_optimized_type_check action=maybe_recompile pc=0x000002a1909e457c method=java.util.stream.AbstractPipeline.spliterator()Ljava/util/Spliterator; @ 112 c2
Event: 19.088 Thread 0x000002a1e570f700 DEOPT PACKING pc=0x000002a1909e457c sp=0x000000b7ea1fd020
Event: 19.088 Thread 0x000002a1e570f700 DEOPT UNPACKING pc=0x000002a1903e69a3 sp=0x000000b7ea1fcfc8 mode 2
Event: 19.170 Thread 0x000002a1e570f700 Uncommon trap: trap_request=0xffffff54 fr.pc=0x000002a1909cf6a4 relative=0x0000000000000364
Event: 19.170 Thread 0x000002a1e570f700 Uncommon trap: reason=speculate_null_assert action=make_not_entrant pc=0x000002a1909cf6a4 method=org.springframework.util.ConcurrentReferenceHashMap$Segment.restructureIfNecessary(Z)V @ 41 c2
Event: 19.170 Thread 0x000002a1e570f700 DEOPT PACKING pc=0x000002a1909cf6a4 sp=0x000000b7ea1fe4e0
Event: 19.170 Thread 0x000002a1e570f700 DEOPT UNPACKING pc=0x000002a1903e69a3 sp=0x000000b7ea1fe4a8 mode 2
Event: 19.230 Thread 0x000002a1e8645640 Uncommon trap: trap_request=0xffffff45 fr.pc=0x000002a190ca4a20 relative=0x00000000000001a0
Event: 19.230 Thread 0x000002a1e8645640 Uncommon trap: reason=unstable_if action=reinterpret pc=0x000002a190ca4a20 method=java.util.concurrent.locks.ReentrantLock$Sync.lock()V @ 4 c2
Event: 19.230 Thread 0x000002a1e8645640 DEOPT PACKING pc=0x000002a190ca4a20 sp=0x000000b7eaffec80
Event: 19.230 Thread 0x000002a1e8645640 DEOPT UNPACKING pc=0x000002a1903e69a3 sp=0x000000b7eaffebd0 mode 2

Classes unloaded (0 events):
No events

Classes redefined (0 events):
No events

Internal exceptions (20 events):
Event: 16.534 Thread 0x000002a1e570f700 Exception <a 'java/lang/reflect/InvocationTargetException'{0x0000000087dbec68}> (0x0000000087dbec68) 
thrown [s\src\hotspot\share\runtime\reflection.cpp, line 1121]
Event: 16.621 Thread 0x000002a1e570f700 Exception <a 'java/lang/NoSuchMethodError'{0x0000000087a1a220}: 'long java.lang.invoke.DirectMethodHandle$Holder.invokeVirtual(java.lang.Object, java.lang.Object)'> (0x0000000087a1a220) 
thrown [s\src\hotspot\share\interpreter\linkResolver.cpp, line 759]
Event: 16.629 Thread 0x000002a1e570f700 Exception <a 'java/io/FileNotFoundException'{0x0000000087a45ba0}> (0x0000000087a45ba0) 
thrown [s\src\hotspot\share\prims\jni.cpp, line 516]
Event: 16.807 Thread 0x000002a1e570f700 Exception <a 'java/lang/reflect/InvocationTargetException'{0x00000000873f7a90}> (0x00000000873f7a90) 
thrown [s\src\hotspot\share\runtime\reflection.cpp, line 1121]
Event: 16.833 Thread 0x000002a1e570f700 Exception <a 'java/lang/reflect/InvocationTargetException'{0x0000000087131c78}> (0x0000000087131c78) 
thrown [s\src\hotspot\share\runtime\reflection.cpp, line 1121]
Event: 16.863 Thread 0x000002a1e570f700 Exception <a 'java/lang/reflect/InvocationTargetException'{0x0000000087073110}> (0x0000000087073110) 
thrown [s\src\hotspot\share\runtime\reflection.cpp, line 1121]
Event: 16.869 Thread 0x000002a1e570f700 Exception <a 'java/lang/reflect/InvocationTargetException'{0x000000008707f890}> (0x000000008707f890) 
thrown [s\src\hotspot\share\runtime\reflection.cpp, line 1121]
Event: 16.875 Thread 0x000002a1e570f700 Exception <a 'java/lang/reflect/InvocationTargetException'{0x0000000087090460}> (0x0000000087090460) 
thrown [s\src\hotspot\share\runtime\reflection.cpp, line 1121]
Event: 16.893 Thread 0x000002a1e570f700 Exception <a 'java/lang/reflect/InvocationTargetException'{0x0000000086f2c1c8}> (0x0000000086f2c1c8) 
thrown [s\src\hotspot\share\runtime\reflection.cpp, line 1121]
Event: 16.924 Thread 0x000002a1e570f700 Exception <a 'java/lang/reflect/InvocationTargetException'{0x000000008b7d3d78}> (0x000000008b7d3d78) 
thrown [s\src\hotspot\share\runtime\reflection.cpp, line 1121]
Event: 16.947 Thread 0x000002a1e570f700 Exception <a 'java/lang/reflect/InvocationTargetException'{0x00000000889e9560}> (0x00000000889e9560) 
thrown [s\src\hotspot\share\runtime\reflection.cpp, line 1121]
Event: 16.949 Thread 0x000002a1e570f700 Exception <a 'java/lang/reflect/InvocationTargetException'{0x00000000889f4e28}> (0x00000000889f4e28) 
thrown [s\src\hotspot\share\runtime\reflection.cpp, line 1121]
Event: 16.953 Thread 0x000002a1e570f700 Exception <a 'java/lang/reflect/InvocationTargetException'{0x0000000088803588}> (0x0000000088803588) 
thrown [s\src\hotspot\share\runtime\reflection.cpp, line 1121]
Event: 17.693 Thread 0x000002a1e570f700 Exception <a 'sun/nio/fs/WindowsException'{0x0000000089603de8}> (0x0000000089603de8) 
thrown [s\src\hotspot\share\prims\jni.cpp, line 516]
Event: 18.520 Thread 0x000002a1e570f700 Exception <a 'java/lang/IncompatibleClassChangeError'{0x00000000881be9f8}: Found class java.lang.Object, but interface was expected> (0x00000000881be9f8) 
thrown [s\src\hotspot\share\interpreter\linkResolver.cpp, line 826]
Event: 18.756 Thread 0x000002a1e570f700 Exception <a 'java/lang/NoSuchMethodError'{0x0000000089e0a258}: 'java.lang.Object java.lang.invoke.DirectMethodHandle$Holder.invokeInterface(java.lang.Object, java.lang.Object, java.lang.Object, java.lang.Object)'> (0x0000000089e0a258) 
thrown [s\src\hotspot\share\interpreter\linkResolver.cpp, line 759]
Event: 18.837 Thread 0x000002a1e570f700 Exception <a 'java/lang/NoSuchMethodError'{0x0000000089c03928}: 'void java.lang.invoke.DirectMethodHandle$Holder.invokeVirtual(java.lang.Object, java.lang.Object, long)'> (0x0000000089c03928) 
thrown [s\src\hotspot\share\interpreter\linkResolver.cpp, line 759]
Event: 18.950 Thread 0x000002a1e570f700 Implicit null exception at 0x000002a190b276cf to 0x000002a190b27c3e
Event: 18.983 Thread 0x000002a1e570f700 Exception <a 'java/lang/IncompatibleClassChangeError'{0x0000000089845718}: Found class java.lang.Object, but interface was expected> (0x0000000089845718) 
thrown [s\src\hotspot\share\interpreter\linkResolver.cpp, line 826]
Event: 19.174 Thread 0x000002a1e570f700 Exception <a 'java/lang/NoSuchMethodError'{0x0000000089117058}: 'java.lang.Object java.lang.invoke.DirectMethodHandle$Holder.newInvokeSpecial(java.lang.Object, java.lang.Object, int, java.lang.Object, java.lang.Object)'> (0x0000000089117058) 
thrown [s\src\hotspot\share\interpreter\linkResolver.cpp, line 759]

VM Operations (20 events):
Event: 24.224 Executing VM operation: Cleanup
Event: 24.224 Executing VM operation: Cleanup done
Event: 40.325 Executing VM operation: Cleanup
Event: 40.325 Executing VM operation: Cleanup done
Event: 42.329 Executing VM operation: Cleanup
Event: 42.329 Executing VM operation: Cleanup done
Event: 43.342 Executing VM operation: Cleanup
Event: 43.342 Executing VM operation: Cleanup done
Event: 60.269 Executing VM operation: HandshakeAllThreads
Event: 60.269 Executing VM operation: HandshakeAllThreads done
Event: 77.369 Executing VM operation: Cleanup
Event: 77.369 Executing VM operation: Cleanup done
Event: 79.384 Executing VM operation: Cleanup
Event: 79.384 Executing VM operation: Cleanup done
Event: 123.795 Executing VM operation: Cleanup
Event: 123.795 Executing VM operation: Cleanup done
Event: 132.854 Executing VM operation: Cleanup
Event: 132.854 Executing VM operation: Cleanup done
Event: 151.707 Executing VM operation: G1CollectForAllocation
Event: 151.713 Executing VM operation: G1CollectForAllocation done

Events (20 events):
Event: 19.257 loading class com/sun/beans/introspect/ClassInfo
Event: 19.257 loading class com/sun/beans/introspect/ClassInfo done
Event: 19.257 loading class com/sun/beans/introspect/ClassInfo$1
Event: 19.258 loading class com/sun/beans/util/Cache
Event: 19.258 loading class com/sun/beans/util/Cache done
Event: 19.258 loading class com/sun/beans/introspect/ClassInfo$1 done
Event: 19.258 loading class com/sun/beans/util/Cache$Kind
Event: 19.258 loading class com/sun/beans/util/Cache$Kind done
Event: 19.258 loading class com/sun/beans/util/Cache$Kind$1
Event: 19.259 loading class com/sun/beans/util/Cache$Kind$1 done
Event: 19.259 loading class com/sun/beans/util/Cache$Kind$2
Event: 19.259 loading class com/sun/beans/util/Cache$Kind$2 done
Event: 19.259 loading class com/sun/beans/util/Cache$Kind$3
Event: 19.259 loading class com/sun/beans/util/Cache$Kind$3 done
Event: 19.259 loading class com/sun/beans/util/Cache$CacheEntry
Event: 19.261 loading class com/sun/beans/util/Cache$CacheEntry done
Event: 19.262 Thread 0x000002a1e570e9a0 Thread exited: 0x000002a1e570e9a0
Event: 19.263 Thread 0x000002a1ffc6dc80 Thread exited: 0x000002a1ffc6dc80
Event: 19.263 Thread 0x000002a1e86432d0 Thread added: 0x000002a1e86432d0
Event: 20.821 Thread 0x000002a1e77d20a0 Thread exited: 0x000002a1e77d20a0


Dynamic libraries:
0x00007ff64f460000 - 0x00007ff64f46e000 	C:\Users\Admin\.jdks\corretto-17.0.9\bin\java.exe
0x00007ff8e5550000 - 0x00007ff8e5748000 	C:\Windows\SYSTEM32\ntdll.dll
0x00007ff8e3bb0000 - 0x00007ff8e3c72000 	C:\Windows\System32\KERNEL32.DLL
0x00007ff8e3030000 - 0x00007ff8e332e000 	C:\Windows\System32\KERNELBASE.dll
0x00007ff8e2e90000 - 0x00007ff8e2f90000 	C:\Windows\System32\ucrtbase.dll
0x00007ff8debe0000 - 0x00007ff8debf7000 	C:\Users\Admin\.jdks\corretto-17.0.9\bin\jli.dll
0x00007ff8deb10000 - 0x00007ff8deb2b000 	C:\Users\Admin\.jdks\corretto-17.0.9\bin\VCRUNTIME140.dll
0x00007ff8e3f40000 - 0x00007ff8e40dd000 	C:\Windows\System32\USER32.dll
0x00007ff8c3560000 - 0x00007ff8c37fa000 	C:\Windows\WinSxS\amd64_microsoft.windows.common-controls_6595b64144ccf1df_6.0.19041.4355_none_60b8b9eb71f62e16\COMCTL32.dll
0x00007ff8e2c80000 - 0x00007ff8e2ca2000 	C:\Windows\System32\win32u.dll
0x00007ff8e5200000 - 0x00007ff8e529e000 	C:\Windows\System32\msvcrt.dll
0x00007ff8e50b0000 - 0x00007ff8e50db000 	C:\Windows\System32\GDI32.dll
0x00007ff8e2cb0000 - 0x00007ff8e2dc7000 	C:\Windows\System32\gdi32full.dll
0x00007ff8e2f90000 - 0x00007ff8e302d000 	C:\Windows\System32\msvcp_win.dll
0x00007ff8e52a0000 - 0x00007ff8e52cf000 	C:\Windows\System32\IMM32.DLL
0x00007ff8df9c0000 - 0x00007ff8df9cc000 	C:\Users\Admin\.jdks\corretto-17.0.9\bin\vcruntime140_1.dll
0x00007ff8ca240000 - 0x00007ff8ca2cd000 	C:\Users\Admin\.jdks\corretto-17.0.9\bin\msvcp140.dll
0x00007ff8a1bc0000 - 0x00007ff8a2821000 	C:\Users\Admin\.jdks\corretto-17.0.9\bin\server\jvm.dll
0x00007ff8e3af0000 - 0x00007ff8e3ba1000 	C:\Windows\System32\ADVAPI32.dll
0x00007ff8e36f0000 - 0x00007ff8e378f000 	C:\Windows\System32\sechost.dll
0x00007ff8e3c80000 - 0x00007ff8e3da3000 	C:\Windows\System32\RPCRT4.dll
0x00007ff8e3540000 - 0x00007ff8e3567000 	C:\Windows\System32\bcrypt.dll
0x00007ff8e29a0000 - 0x00007ff8e29eb000 	C:\Windows\SYSTEM32\POWRPROF.dll
0x00007ff8d6950000 - 0x00007ff8d6959000 	C:\Windows\SYSTEM32\WSOCK32.dll
0x00007ff8e40e0000 - 0x00007ff8e414b000 	C:\Windows\System32\WS2_32.dll
0x00007ff8cdae0000 - 0x00007ff8cdb07000 	C:\Windows\SYSTEM32\WINMM.dll
0x00007ff8d7b70000 - 0x00007ff8d7b7a000 	C:\Windows\SYSTEM32\VERSION.dll
0x00007ff8e2980000 - 0x00007ff8e2992000 	C:\Windows\SYSTEM32\UMPDC.dll
0x00007ff8e1410000 - 0x00007ff8e1422000 	C:\Windows\SYSTEM32\kernel.appcore.dll
0x00007ff8df990000 - 0x00007ff8df99a000 	C:\Users\Admin\.jdks\corretto-17.0.9\bin\jimage.dll
0x00007ff8da800000 - 0x00007ff8da9e4000 	C:\Windows\SYSTEM32\DBGHELP.DLL
0x00007ff8cd7a0000 - 0x00007ff8cd7d4000 	C:\Windows\SYSTEM32\dbgcore.DLL
0x00007ff8e2bf0000 - 0x00007ff8e2c72000 	C:\Windows\System32\bcryptPrimitives.dll
0x00007ff8dead0000 - 0x00007ff8deade000 	C:\Users\Admin\.jdks\corretto-17.0.9\bin\instrument.dll
0x00007ff8deae0000 - 0x00007ff8deb05000 	C:\Users\Admin\.jdks\corretto-17.0.9\bin\java.dll
0x00007ff8c2650000 - 0x00007ff8c2727000 	C:\Users\Admin\.jdks\corretto-17.0.9\bin\jsvml.dll
0x00007ff8e45c0000 - 0x00007ff8e4d2d000 	C:\Windows\System32\SHELL32.dll
0x00007ff8e0c50000 - 0x00007ff8e13f4000 	C:\Windows\SYSTEM32\windows.storage.dll
0x00007ff8e4d50000 - 0x00007ff8e50a3000 	C:\Windows\System32\combase.dll
0x00007ff8e25b0000 - 0x00007ff8e25de000 	C:\Windows\SYSTEM32\Wldp.dll
0x00007ff8e3790000 - 0x00007ff8e385d000 	C:\Windows\System32\OLEAUT32.dll
0x00007ff8e35d0000 - 0x00007ff8e367d000 	C:\Windows\System32\SHCORE.dll
0x00007ff8e3ee0000 - 0x00007ff8e3f35000 	C:\Windows\System32\shlwapi.dll
0x00007ff8e2b20000 - 0x00007ff8e2b44000 	C:\Windows\SYSTEM32\profapi.dll
0x00007ff8d9910000 - 0x00007ff8d9928000 	C:\Users\Admin\.jdks\corretto-17.0.9\bin\zip.dll
0x00007ff8dea40000 - 0x00007ff8dea59000 	C:\Users\Admin\.jdks\corretto-17.0.9\bin\net.dll
0x00007ff8d7880000 - 0x00007ff8d798d000 	C:\Windows\SYSTEM32\WINHTTP.dll
0x00007ff8e22b0000 - 0x00007ff8e231a000 	C:\Windows\system32\mswsock.dll
0x00007ff8dea20000 - 0x00007ff8dea36000 	C:\Users\Admin\.jdks\corretto-17.0.9\bin\nio.dll
0x00007ff8d98a0000 - 0x00007ff8d98ba000 	C:\Program Files\JetBrains\IntelliJ IDEA Community Edition 2023.2.4\bin\breakgen64.dll
0x00007ff8d9900000 - 0x00007ff8d9909000 	C:\Users\Admin\.jdks\corretto-17.0.9\bin\management.dll
0x00007ff8cd1a0000 - 0x00007ff8cd1ab000 	C:\Users\Admin\.jdks\corretto-17.0.9\bin\management_ext.dll
0x00007ff8e4d30000 - 0x00007ff8e4d38000 	C:\Windows\System32\PSAPI.DLL
0x00007ff8cd190000 - 0x00007ff8cd19e000 	C:\Users\Admin\.jdks\corretto-17.0.9\bin\sunmscapi.dll
0x00007ff8e33e0000 - 0x00007ff8e353c000 	C:\Windows\System32\CRYPT32.dll
0x00007ff8e2620000 - 0x00007ff8e2647000 	C:\Windows\SYSTEM32\ncrypt.dll
0x00007ff8e25e0000 - 0x00007ff8e261b000 	C:\Windows\SYSTEM32\NTASN1.dll
0x00007ff8e24a0000 - 0x00007ff8e24b8000 	C:\Windows\SYSTEM32\CRYPTSP.dll
0x00007ff8e1bd0000 - 0x00007ff8e1c04000 	C:\Windows\system32\rsaenh.dll
0x00007ff8e2aa0000 - 0x00007ff8e2ace000 	C:\Windows\SYSTEM32\USERENV.dll
0x00007ff8e24c0000 - 0x00007ff8e24cc000 	C:\Windows\SYSTEM32\CRYPTBASE.dll
0x00007ff8e1f90000 - 0x00007ff8e1fcb000 	C:\Windows\SYSTEM32\IPHLPAPI.DLL
0x00007ff8e36e0000 - 0x00007ff8e36e8000 	C:\Windows\System32\NSI.dll
0x00007ff8d8a60000 - 0x00007ff8d8a77000 	C:\Windows\SYSTEM32\dhcpcsvc6.DLL
0x00007ff8d8260000 - 0x00007ff8d827d000 	C:\Windows\SYSTEM32\dhcpcsvc.DLL
0x00007ff8e1fd0000 - 0x00007ff8e209a000 	C:\Windows\SYSTEM32\DNSAPI.dll
0x00007ff8deac0000 - 0x00007ff8dead0000 	C:\Users\Admin\.jdks\corretto-17.0.9\bin\verify.dll
0x00007ff8d7120000 - 0x00007ff8d712a000 	C:\Windows\System32\rasadhlp.dll
0x00007ff8d62e0000 - 0x00007ff8d6360000 	C:\Windows\System32\fwpuclnt.dll
0x00007ff8c82b0000 - 0x00007ff8c82b7000 	C:\Windows\system32\wshunix.dll

dbghelp: loaded successfully - version: 4.0.5 - missing functions: none
symbol engine: initialized successfully - sym options: 0x614 - pdb path: .;C:\Users\Admin\.jdks\corretto-17.0.9\bin;C:\Windows\SYSTEM32;C:\Windows\WinSxS\amd64_microsoft.windows.common-controls_6595b64144ccf1df_6.0.19041.4355_none_60b8b9eb71f62e16;C:\Users\Admin\.jdks\corretto-17.0.9\bin\server;C:\Program Files\JetBrains\IntelliJ IDEA Community Edition 2023.2.4\bin

VM Arguments:
jvm_args: -javaagent:C:\Program Files\JetBrains\IntelliJ IDEA Community Edition 2023.2.4\lib\idea_rt.jar=52806:C:\Program Files\JetBrains\IntelliJ IDEA Community Edition 2023.2.4\bin -Dfile.encoding=UTF-8 
java_command: com.graduates.test.TestApplication
java_class_path (initial): D:\datn\target\classes;C:\Users\Admin\.m2\repository\org\springframework\boot\spring-boot-starter-data-jpa\3.3.3\spring-boot-starter-data-jpa-3.3.3.jar;C:\Users\Admin\.m2\repository\org\springframework\boot\spring-boot-starter-aop\3.3.3\spring-boot-starter-aop-3.3.3.jar;C:\Users\Admin\.m2\repository\org\aspectj\aspectjweaver\1.9.22.1\aspectjweaver-1.9.22.1.jar;C:\Users\Admin\.m2\repository\org\springframework\boot\spring-boot-starter-jdbc\3.3.3\spring-boot-starter-jdbc-3.3.3.jar;C:\Users\Admin\.m2\repository\com\zaxxer\HikariCP\5.1.0\HikariCP-5.1.0.jar;C:\Users\Admin\.m2\repository\org\springframework\spring-jdbc\6.1.12\spring-jdbc-6.1.12.jar;C:\Users\Admin\.m2\repository\org\hibernate\orm\hibernate-core\6.5.2.Final\hibernate-core-6.5.2.Final.jar;C:\Users\Admin\.m2\repository\jakarta\persistence\jakarta.persistence-api\3.1.0\jakarta.persistence-api-3.1.0.jar;C:\Users\Admin\.m2\repository\jakarta\transaction\jakarta.transaction-api\2.0.1\jakarta.transaction-api-2.0.1.jar;C:\Users\Admin\.m2\repository\org\jboss\logging\jboss-logging\3.5.3.Final\jboss-logging-3.5.3.Final.jar;C:\Users\Admin\.m2\repository\org\hibernate\common\hibernate-commons-annotations\6.0.6.Final\hibernate-commons-annotations-6.0.6.Final.jar;C:\Users\Admin\.m2\repository\io\smallrye\jandex\3.1.2\jandex-3.1.2.jar;C:\Users\Admin\.m2\repository\com\fasterxml\classmate\1.7.0\classmate-1.7.0.jar;C:\Users\Admin\.m2\repository\net\bytebuddy\byte-buddy\1.14.19\byte-buddy-1.14.19.jar;C:\Users\Admin\.m2\repository\org\glassfish\jaxb\jaxb-runtime\4.0.5\jaxb-runtime-4.0.5.jar;C:\Users\Admin\.m2\repository\org\glassfish\jaxb\jaxb-core\4.0.5\jaxb-core-4.0.5.jar;C:\Users\Admin\.m2\repository\org\eclipse\angus\angus-activation\2.0.2\angus-activation-2.0.2.jar;C:\Users\Admin\.m2\repository\org\glassfish\jaxb\txw2\4.0.5\txw2-4.0.5.jar;C:\Users\Admin\.m2\repository\com\sun\istack\istack-commons-runtime\4.1.2\istack-commons-runtime-4.1.2.jar;C:\Users\Admin\.m2\repository\jakarta\inject\jaka
Launcher Type: SUN_STANDARD

[Global flags]
     intx CICompilerCount                          = 4                                         {product} {ergonomic}
     uint ConcGCThreads                            = 2                                         {product} {ergonomic}
     uint G1ConcRefinementThreads                  = 8                                         {product} {ergonomic}
   size_t G1HeapRegionSize                         = 1048576                                   {product} {ergonomic}
    uintx GCDrainStackTargetSize                   = 64                                        {product} {ergonomic}
   size_t InitialHeapSize                          = 132120576                                 {product} {ergonomic}
   size_t MarkStackSize                            = 4194304                                   {product} {ergonomic}
   size_t MaxHeapSize                              = 2086666240                                {product} {ergonomic}
   size_t MaxNewSize                               = 1251999744                                {product} {ergonomic}
   size_t MinHeapDeltaBytes                        = 1048576                                   {product} {ergonomic}
   size_t MinHeapSize                              = 8388608                                   {product} {ergonomic}
    uintx NonNMethodCodeHeapSize                   = 5839372                                {pd product} {ergonomic}
    uintx NonProfiledCodeHeapSize                  = 122909434                              {pd product} {ergonomic}
    uintx ProfiledCodeHeapSize                     = 122909434                              {pd product} {ergonomic}
    uintx ReservedCodeCacheSize                    = 251658240                              {pd product} {ergonomic}
     bool SegmentedCodeCache                       = true                                      {product} {ergonomic}
   size_t SoftMaxHeapSize                          = 2086666240                             {manageable} {ergonomic}
     bool UseCompressedClassPointers               = true                           {product lp64_product} {ergonomic}
     bool UseCompressedOops                        = true                           {product lp64_product} {ergonomic}
     bool UseG1GC                                  = true                                      {product} {ergonomic}
     bool UseLargePagesIndividualAllocation        = false                                  {pd product} {ergonomic}

Logging:
Log output configuration:
 #0: stdout all=warning uptime,level,tags
 #1: stderr all=off uptime,level,tags

Environment Variables:
PATH=C:\Program Files (x86)\VMware\VMware Workstation\bin\;C:\Program Files\Microsoft MPI\Bin\;C:\Program Files (x86)\Common Files\Oracle\Java\javapath;C:\ProgramData\Oracle\Java\javapath;C:\Windows\system32;C:\Windows;C:\Windows\System32\Wbem;C:\Windows\System32\WindowsPowerShell\v1.0\;C:\Windows\System32\OpenSSH\;C:\Program Files\Microsoft SQL Server\Client SDK\ODBC\130\Tools\Binn\;C:\Program Files (x86)\Microsoft SQL Server\150\DTS\Binn\;C:\Program Files\Azure Data Studio\bin;C:\Program Files\Microsoft SQL Server\150\DTS\Binn\;C:\Program Files\Microsoft SQL Server\Client SDK\ODBC\170\Tools\Binn\;C:\Program Files (x86)\Microsoft SQL Server\150\Tools\Binn\;C:\Program Files\Microsoft SQL Server\150\Tools\Binn\;C:\Program Files\Git\cmd;C:\Program Files\nodejs\;C:\Users\Admin\AppData\Local\Programs\Python\Python310\Scripts\;C:\Users\Admin\AppData\Local\Programs\Python\Python310\;C:\Users\Admin\AppData\Local\Microsoft\WindowsApps;C:\Users\Admin\AppData\Local\Programs\Microsoft VS Code\bin;C:\Program Files\Azure Data Studio\bin;C:\Program Files\JetBrains\IntelliJ IDEA Community Edition 2023.2.4\bin;;C:\Users\Admin\AppData\Local\GitHubDesktop\bin;C:\Program Files\JetBrains\IntelliJ IDEA 2023.2.4\bin;;C:\Users\Admin\AppData\Roaming\npm;C:\apache-maven-3.9.9\bin;
USERNAME=Admin
OS=Windows_NT
PROCESSOR_IDENTIFIER=Intel64 Family 6 Model 142 Stepping 12, GenuineIntel
TMP=C:\Users\Admin\AppData\Local\Temp
TEMP=C:\Users\Admin\AppData\Local\Temp



Periodic native trim disabled


---------------  S Y S T E M  ---------------

OS:
 Windows 10 , 64 bit Build 19041 (10.0.19041.5072)
OS uptime: 2 days 3:03 hours

CPU: total 8 (initial active 8) (4 cores per cpu, 2 threads per core) family 6 model 142 stepping 12 microcode 0xf8, cx8, cmov, fxsr, ht, mmx, 3dnowpref, sse, sse2, sse3, ssse3, sse4.1, sse4.2, popcnt, lzcnt, tsc, tscinvbit, avx, avx2, aes, erms, clmul, bmi1, bmi2, adx, fma, vzeroupper, clflush, clflushopt
Processor Information for all 8 processors :
  Max Mhz: 2112, Current Mhz: 1609, Mhz Limit: 1605

Memory: 4k page, system-wide physical 7952M (270M free)
TotalPageFile size 17361M (AvailPageFile size 0M)
current process WorkingSet (physical memory assigned to process): 239M, peak: 346M
current process commit charge ("private bytes"): 327M, peak: 386M

vm_info: OpenJDK 64-Bit Server VM (17.0.9+8-LTS) for windows-amd64 JRE (17.0.9+8-LTS), built on Oct 12 2023 16:15:33 by "Administrator" with MS VC++ 16.10 / 16.11 (VS2019)

END.
